

<!DOCTYPE html>
<html>
<head>
<meta charset="UTF-8">
<meta name="viewport" content="width=device-width, initial-scale=1, shrink-to-fit=no">
<title></title>
<link rel="apple-touch-icon" href="https://cdn.jsdelivr.net/gh/extent-framework/extent-github-cdn@b00a2d0486596e73dd7326beacf352c639623a0e/commons/img/logo.png">
<link rel="shortcut icon" href="https://cdn.jsdelivr.net/gh/extent-framework/extent-github-cdn@b00a2d0486596e73dd7326beacf352c639623a0e/commons/img/logo.png">
<link href="https://cdn.jsdelivr.net/gh/extent-framework/extent-github-cdn@d6562a79075e061305ccfdb82f01e5e195e2d307/spark/css/spark-style.css" rel="stylesheet" />
<link href="https://stackpath.bootstrapcdn.com/font-awesome/4.7.0/css/font-awesome.min.css" rel="stylesheet">
<script src="https://cdn.jsdelivr.net/gh/extent-framework/extent-github-cdn@7cc78ce/spark/js/jsontree.js"></script>
<style type="text/css"></style></head><body class="spa bdd-report standard">
  <div class="app">
    <div class="layout">
<div class="header navbar">
<div class="vheader">
<div class="nav-logo">
<a href="#">
<div class="logo" style="background-image: url('https://cdn.jsdelivr.net/gh/extent-framework/extent-github-cdn@b00a2d0486596e73dd7326beacf352c639623a0e/commons/img/logo.png')"></div>
</a>
</div>
<ul class="nav-left">
<li class="search-box">
<a class="search-toggle" href="#">
<i class="search-icon fa fa-search"></i>
<i class="search-icon-close fa fa-close"></i>
</a>
</li>
<li class="search-input"><input id="search-tests" class="form-control" type="text" placeholder="Search..."></li>
</ul>
<ul class="nav-right">
<li class="m-r-10">
<a href="#"><span class="badge badge-primary"></span></a>
</li>
<li class="m-r-10">
<a href="#"><span class="badge badge-primary">Apr 10, 2024 06:35:00 PM</span></a>
</li>
</ul>
</div>
</div><div class="side-nav">
<div class="side-nav-inner">
<ul class="side-nav-menu">
<li class="nav-item dropdown" onclick="toggleView('test-view')">
<a id="nav-test" class="dropdown-toggle" href="#">
<span class="ico"><i class="fa fa-list"></i></span>
</a>
</li>
<li class="nav-item dropdown" onclick="toggleView('exception-view')">
<a id="nav-exception" class="dropdown-toggle" href="#">
<span class="ico"><i class="fa fa-bug"></i></span>
</a>
</li>
<li class="nav-item dropdown" onclick="toggleView('category-view')">
<a id="nav-category" class="dropdown-toggle" href="#">
<span class="ico"><i class="fa fa-tag"></i></span>
</a>
</li>
<li class="nav-item dropdown" onclick="toggleView('dashboard-view')">
<a id="nav-dashboard" class="dropdown-toggle" href="#">
<span class="ico"><i class="fa fa-bar-chart"></i></span>
</a>
</li>
</ul>
</div>
</div>      <div class="vcontainer">
        <div class="main-content">
<div class="test-wrapper row view test-view">
  <div class="test-list">
    <div class="test-list-tools">
<ul class="tools pull-left">
<li><a href="#"><span class="font-size-14">Tests</span></a></li>
</ul>
<ul class="tools text-right">
<li class="dropdown">
<a href="#" class="dropdown-toggle" data-toggle="dropdown"><i class="fa fa-exclamation-circle"></i></a>
<ul id="status-toggle" class="dropdown-menu dropdown-md p-v-0">
<a class="dropdown-item" status="pass" href="#"><span>Pass</span><span class="status success"></span></a>
<a class="dropdown-item" status="fail" href="#"><span>Fail</span><span class="status danger"></span></a>
<div class="dropdown-divider"></div>
<a status="clear" class="dropdown-item" href="#"><span>Clear</span><span class="pull-right"><i class="fa fa-close"></i></span></a>
</ul>
</li>
<li class="dropdown">
<a href="#" class="dropdown-toggle" data-toggle="dropdown"><i class="fa fa-tag"></i></a>
<ul id="tag-toggle" class="dropdown-menu dropdown-md p-v-0">
<a class="dropdown-item" href="#">@positive</a><a class="dropdown-item" href="#">@negative</a><a class="dropdown-item" href="#">@loginusingemail</a>
</ul>
</li>
</ul>
</div>    <div class="test-list-wrapper scrollable">
      <ul class="test-list-item">
        <li class="test-item"  status="pass" test-id="1"
          author=""
          tag=""
          device="">
          <div class="test-detail">
            <p class="name">testingLogin Functionalities:</p>
            <p class="text-sm">
              <span>6:35:00 PM</span> / <span>00:00:51:262</span>
              <span class="badge pass-bg log float-right">Pass</span>
            </p>
          </div>
          <div class="test-contents d-none">
<div class="detail-head">
<div class="p-v-10">
<div class="info">
<h5 class="test-status text-pass">testingLogin Functionalities:</h5>
<span class='badge badge-success'>04.10.2024 6:35:00 PM</span>
<span class='badge badge-danger'>04.10.2024 6:35:51 PM</span>
<span class='badge badge-default'>00:00:51:262</span>
&middot; <span class='uri-anchor badge badge-default'>#test-id=1</span>
<span class='badge badge-default pointer float-right ml-1 et'><i class="fa fa-chevron-down"></i></span>
<span class='badge badge-default pointer float-right ct'><i class="fa fa-chevron-up"></i></span>
</div>
<div class="m-t-10 m-l-5"></div>
</div>
</div>
<div class="accordion mt-4">
  <div class="card">
    <div class="card-header" role="tab">
      <div class="card-title">
        <div class="node" id="2"><span class="badge log pass-bg mr-2">Pass</span>Successfull login with valid credentials</div>
      </div>
    </div>
        <div class="scenario_outline collapse">
            <div class="card-body l1">
              <div class="card-header">
                <div class="card-title outline-child">
                  <div class="node" id="3"><span class="badge log pass-bg mr-2">Pass</span>Successfull login with valid credentials</div>
                </div>
              </div>
              <div class="card-body mt-3 collapse">
                  <div class="step pass-bg">
                    <span>Given open the browser</span>
      <div>
      </div>
                  </div>
                  <div class="step pass-bg">
                    <span>And goes to landing page</span>
      <div>
      </div>
                  </div>
                  <div class="step pass-bg">
                    <span>Given user click login button</span>
      <div>
      </div>
                  </div>
                  <div class="step pass-bg">
                    <span>When try login with "sivadot2810@gmail.com" "Adse9566@"</span>
      <div>
      </div>
                  </div>
                  <div class="step pass-bg">
                    <span>Then click submit button</span>
      <div>
      </div>
                  </div>
                  <div class="step pass-bg">
                    <span>And take screen shot and probe the result</span>
      <div>
      </div>
                  </div>
              </div>
            </div>
        </div>
  </div>
  <div class="card">
    <div class="card-header" role="tab">
      <div class="card-title">
        <div class="node" id="10"><span class="badge log pass-bg mr-2">Pass</span>Attempt login with invalid credentials</div>
      </div>
    </div>
        <div class="scenario_outline collapse">
            <div class="card-body l1">
              <div class="card-header">
                <div class="card-title outline-child">
                  <div class="node" id="11"><span class="badge log pass-bg mr-2">Pass</span>Attempt login with invalid credentials</div>
                </div>
              </div>
              <div class="card-body mt-3 collapse">
                  <div class="step pass-bg">
                    <span>Given open the browser</span>
      <div>
      </div>
                  </div>
                  <div class="step pass-bg">
                    <span>And goes to landing page</span>
      <div>
      </div>
                  </div>
                  <div class="step pass-bg">
                    <span>Given user clicks on the login button</span>
      <div>
      </div>
                  </div>
                  <div class="step pass-bg">
                    <span>When user tries to login with invalid credentials "8015648363AS" "Adse9566@"</span>
      <div>
      </div>
                  </div>
                  <div class="step pass-bg">
                    <span>And user clicks the submit button</span>
      <div>
      </div>
                  </div>
                  <div class="step pass-bg">
                    <span>Then a screenshot is taken</span>
      <div>
      </div>
                  </div>
              </div>
            </div>
            <div class="card-body l1">
              <div class="card-header">
                <div class="card-title outline-child">
                  <div class="node" id="18"><span class="badge log pass-bg mr-2">Pass</span>Attempt login with invalid credentials</div>
                </div>
              </div>
              <div class="card-body mt-3 collapse">
                  <div class="step pass-bg">
                    <span>Given open the browser</span>
      <div>
      </div>
                  </div>
                  <div class="step pass-bg">
                    <span>And goes to landing page</span>
      <div>
      </div>
                  </div>
                  <div class="step pass-bg">
                    <span>Given user clicks on the login button</span>
      <div>
      </div>
                  </div>
                  <div class="step pass-bg">
                    <span>When user tries to login with invalid credentials "8015648363@#" "Adse9566@"</span>
      <div>
      </div>
                  </div>
                  <div class="step pass-bg">
                    <span>And user clicks the submit button</span>
      <div>
      </div>
                  </div>
                  <div class="step pass-bg">
                    <span>Then a screenshot is taken</span>
      <div>
      </div>
                  </div>
              </div>
            </div>
            <div class="card-body l1">
              <div class="card-header">
                <div class="card-title outline-child">
                  <div class="node" id="25"><span class="badge log pass-bg mr-2">Pass</span>Attempt login with invalid credentials</div>
                </div>
              </div>
              <div class="card-body mt-3 collapse">
                  <div class="step pass-bg">
                    <span>Given open the browser</span>
      <div>
      </div>
                  </div>
                  <div class="step pass-bg">
                    <span>And goes to landing page</span>
      <div>
      </div>
                  </div>
                  <div class="step pass-bg">
                    <span>Given user clicks on the login button</span>
      <div>
      </div>
                  </div>
                  <div class="step pass-bg">
                    <span>When user tries to login with invalid credentials "8015648364" "Adse9566@"</span>
      <div>
      </div>
                  </div>
                  <div class="step pass-bg">
                    <span>And user clicks the submit button</span>
      <div>
      </div>
                  </div>
                  <div class="step pass-bg">
                    <span>Then a screenshot is taken</span>
      <div>
      </div>
                  </div>
              </div>
            </div>
        </div>
  </div>
  <div class="card">
    <div class="card-header" role="tab">
      <div class="card-title">
        <div class="node" id="32"><span class="badge log pass-bg mr-2">Pass</span>Successful login with valid credentials</div>
      </div>
    </div>
        <div class="collapse">
          <div class="card-body">
              <div class="step pass-bg" title="org.stepdefinition.StepDef_Background.open_Browser()">
                <span>Given open the browser</span>
      <div>
      </div>
              </div>
              <div class="step pass-bg" title="org.stepdefinition.StepDef_Background.launch_Url()">
                <span>And goes to landing page</span>
      <div>
      </div>
              </div>
              <div class="step pass-bg" title="org.stepdefinition.StepDef_login_Positive.the_user_is_on_the_login_page()">
                <span>Given the user is on the login page</span>
      <div>
      </div>
              </div>
              <div class="step pass-bg" title="org.stepdefinition.StepDef_login_Positive.the_user_enters_valid_credentials()">
                <span>When the user enters valid credentials</span>
      <div>
      </div>
              </div>
              <div class="step pass-bg" title="org.stepdefinition.StepDef_login_Positive.the_user_clicks_the_login_button()">
                <span>And clicks the submit button</span>
      <div>
      </div>
              </div>
              <div class="step pass-bg" title="org.stepdefinition.StepDef_login_Positive.takes_screenshot_when_is_passed()">
                <span>Then takes screenshot when is passed</span>
      <div>
      </div>
              </div>
          </div>
        </div>
  </div>
</div>
          </div>
        </li>
        <li class="test-item"  status="pass" test-id="39"
          author=""
          tag=""
          device="">
          <div class="test-detail">
            <p class="name">to validate checkin and flightstatus and manange booking fields</p>
            <p class="text-sm">
              <span>6:35:53 PM</span> / <span>00:00:14:581</span>
              <span class="badge pass-bg log float-right">Pass</span>
            </p>
          </div>
          <div class="test-contents d-none">
<div class="detail-head">
<div class="p-v-10">
<div class="info">
<h5 class="test-status text-pass">to validate checkin and flightstatus and manange booking fields</h5>
<span class='badge badge-success'>04.10.2024 6:35:53 PM</span>
<span class='badge badge-danger'>04.10.2024 6:36:08 PM</span>
<span class='badge badge-default'>00:00:14:581</span>
&middot; <span class='uri-anchor badge badge-default'>#test-id=39</span>
<span class='badge badge-default pointer float-right ml-1 et'><i class="fa fa-chevron-down"></i></span>
<span class='badge badge-default pointer float-right ct'><i class="fa fa-chevron-up"></i></span>
</div>
<div class="m-t-10 m-l-5"></div>
</div>
</div>
<div class="accordion mt-4">
  <div class="card">
    <div class="card-header" role="tab">
      <div class="card-title">
        <div class="node" id="40"><span class="badge log pass-bg mr-2">Pass</span>to check checkin and flightstatus and manange booking fields and get appropriate attributes</div>
      </div>
    </div>
        <div class="collapse">
          <div class="card-body">
              <div class="step pass-bg" title="org.stepdefinition.StepDef_Background.open_Browser()">
                <span>Given open the browser</span>
      <div>
      </div>
              </div>
              <div class="step pass-bg" title="org.stepdefinition.StepDef_Background.launch_Url()">
                <span>And goes to landing page</span>
      <div>
      </div>
              </div>
              <div class="step pass-bg" title="org.stepdefinition.StepDef_Menufields.user_in_the_home_page()">
                <span>Given user in the home page</span>
      <div>
      </div>
              </div>
              <div class="step pass-bg" title="org.stepdefinition.StepDef_Menufields.user_clicks_checkin_button_and_get_status()">
                <span>When user clicks checkin button and get status</span>
      <div>
      </div>
              </div>
              <div class="step pass-bg" title="org.stepdefinition.StepDef_Menufields.user_clicks_flightstatus_button_and_get_status()">
                <span>Then user clicks flightstatus button and get status</span>
      <div>
      </div>
              </div>
              <div class="step pass-bg" title="org.stepdefinition.StepDef_Menufields.user_clicks_manangebooking_button_and_get_status()">
                <span>And user clicks manangebooking button and get status</span>
      <div>
      </div>
              </div>
              <div class="step pass-bg" title="org.stepdefinition.StepDef_Menufields.user_clicks_flights_button_and_get_the_response()">
                <span>Then user clicks flights button and get the response</span>
      <div>
      </div>
              </div>
          </div>
        </div>
  </div>
</div>
          </div>
        </li>
        <li class="test-item"  status="fail" test-id="48"
          author=""
          tag=""
          device="">
          <div class="test-detail">
            <p class="name">Testing trip planning functionality</p>
            <p class="text-sm">
              <span>6:36:08 PM</span> / <span>00:01:01:083</span>
              <span class="badge fail-bg log float-right">Fail</span>
            </p>
          </div>
          <div class="test-contents d-none">
<div class="detail-head">
<div class="p-v-10">
<div class="info">
<h5 class="test-status text-fail">Testing trip planning functionality</h5>
<span class='badge badge-success'>04.10.2024 6:36:08 PM</span>
<span class='badge badge-danger'>04.10.2024 6:37:09 PM</span>
<span class='badge badge-default'>00:01:01:083</span>
&middot; <span class='uri-anchor badge badge-default'>#test-id=48</span>
<span class='badge badge-default pointer float-right ml-1 et'><i class="fa fa-chevron-down"></i></span>
<span class='badge badge-default pointer float-right ct'><i class="fa fa-chevron-up"></i></span>
</div>
<div class="m-t-10 m-l-5"></div>
</div>
</div>
<div class="accordion mt-4">
  <div class="card">
    <div class="card-header" role="tab">
      <div class="card-title">
        <div class="node" id="49"><span class="badge log fail-bg mr-2">Fail</span>User Validates One-Way Trip Functionality</div>
      </div>
    </div>
        <div class="scenario_outline ">
            <div class="card-body l1">
              <div class="card-header">
                <div class="card-title outline-child">
                  <div class="node" id="50"><span class="badge log fail-bg mr-2">Fail</span>User Validates One-Way Trip Functionality</div>
                </div>
              </div>
              <div class="card-body mt-3 ">
                  <div class="step pass-bg">
                    <span>Given open the browser</span>
      <div>
      </div>
                  </div>
                  <div class="step pass-bg">
                    <span>And goes to landing page</span>
      <div>
      </div>
                  </div>
                  <div class="step pass-bg">
                    <span>Given the user clicks the One-Way Trip checkbox</span>
      <div>
      </div>
                  </div>
                  <div class="step pass-bg">
                    <span>When the user enters data for the From field</span>
      <div>
      </div>
                  </div>
                  <div class="step pass-bg">
                    <span>And the user enters data for the Destination field</span>
      <div>
      </div>
                  </div>
                  <div class="step pass-bg">
                    <span>And the user selects a departure date and time</span>
      <div>
      </div>
                  </div>
                  <div class="step pass-bg">
                    <span>And the user enters passenger details</span>
      <div>
      </div>
                  </div>
                  <div class="step pass-bg">
                    <span>And the user selects the desired currency type</span>
      <div>
      </div>
                  </div>
                  <div class="step pass-bg">
                    <span>And the user selects the Discount radio button</span>
      <div>
      </div>
                  </div>
                  <div class="step pass-bg">
                    <span>And the user clicks the Search Flights button</span>
      <div>
      </div>
                  </div>
                  <div class="step pass-bg">
                    <span>Then the system should display relevant flight options for the given criteria</span>
      <div>
      </div>
                  </div>
                  <div class="step pass-bg">
                    <span>When the user clicks the Continue button</span>
      <div>
      </div>
                  </div>
                  <div class="step pass-bg">
                    <span>Then the user should be redirected to the passenger details page</span>
      <div>
      </div>
                  </div>
                  <div class="step pass-bg">
                    <span>When the user selects the title for the contact person</span>
      <div>
      </div>
                  </div>
                  <div class="step pass-bg">
                    <span>And enters the contact details "Sivakumar" "A" "8015648353" "sivadot07@gmail.com"</span>
      <div>
      </div>
                  </div>
                  <div class="step pass-bg">
                    <span>And selects the country and enters the city</span>
      <div>
      </div>
                  </div>
                  <div class="step pass-bg">
                    <span>And adds passenger details for each traveler</span>
      <div>
      </div>
                  </div>
                  <div class="step pass-bg">
                    <span>And user enters first passanger details  "Sivakumar" "A" "80157648363" "sivadot2810@gmail.com"</span>
      <div>
      </div>
                  </div>
                  <div class="step pass-bg">
                    <span>And user enters second passanger details "Karthick" "A" "9698769644"</span>
      <div>
      </div>
                  </div>
                  <div class="step pass-bg">
                    <span>And user enters third passanger details "iniyalini" "S" "80676765"</span>
      <div>
      </div>
                  </div>
                  <div class="step fail-bg">
                    <span>And user clicks contine button</span>
      <div>
        <textarea disabled class="code-block">org.openqa.selenium.TimeoutException: Expected condition failed: waiting for element to be clickable: [[ChromeDriver: chrome on windows (c3c401e5c36e8b1d51b475a08b489757)] -> xpath: (//div[@class='css-1dbjc4n r-1niwhzg r-1p0dtai r-1d2f490 r-1udh08x r-u8s1d r-zchlnj r-ipm5af'])[2]] (tried for 16 second(s) with 500 milliseconds interval)
Build info: version: '4.18.1', revision: 'b1d3319b48'
System info: os.name: 'Windows 11', os.arch: 'amd64', os.version: '10.0', java.version: '17.0.9'
Driver info: org.openqa.selenium.chrome.ChromeDriver
Capabilities {acceptInsecureCerts: false, browserName: chrome, browserVersion: 123.0.6312.106, chrome: {chromedriverVersion: 123.0.6312.105 (399174dbe6e..., userDataDir: C:\Users\HP\AppData\Local\T...}, fedcm:accounts: true, goog:chromeOptions: {debuggerAddress: localhost:49571}, networkConnectionEnabled: false, pageLoadStrategy: normal, platformName: windows, proxy: Proxy(), se:cdp: ws://localhost:49571/devtoo..., se:cdpVersion: 123.0.6312.106, setWindowRect: true, strictFileInteractability: false, timeouts: {implicit: 0, pageLoad: 300000, script: 30000}, unhandledPromptBehavior: dismiss and notify, webauthn:extension:credBlob: true, webauthn:extension:largeBlob: true, webauthn:extension:minPinLength: true, webauthn:extension:prf: true, webauthn:virtualAuthenticators: true}
Session ID: c3c401e5c36e8b1d51b475a08b489757
	at org.openqa.selenium.support.ui.WebDriverWait.timeoutException(WebDriverWait.java:84)
	at org.openqa.selenium.support.ui.FluentWait.until(FluentWait.java:228)
	at org.utils.UtilityMethods.webdriverwait(UtilityMethods.java:198)
	at org.base.ProjectSpecification.waituntilelementtoclick(ProjectSpecification.java:42)
	at org.stepdefinition.StepDef_Pasangerdetails.user_clicks_contine_button(StepDef_Pasangerdetails.java:110)
	at ?.user clicks contine button(file:///C:/Users/HP/Eclipse%20workspace%20new/SpicejetEvaluation/project_feature/onewaytrip.feature:27)
</textarea>
      
      </div>
                  </div>
                  <div class="step skip-bg">
                    <span>And user handles offers alert</span>
      <div>Step skipped
      </div>
                  </div>
                  <div class="step skip-bg">
                    <span>And user enters debit card number</span>
      <div>Step skipped
      </div>
                  </div>
                  <div class="step skip-bg">
                    <span>And user enters card holder name</span>
      <div>Step skipped
      </div>
                  </div>
                  <div class="step skip-bg">
                    <span>And user enters debit card valid month and year</span>
      <div>Step skipped
      </div>
                  </div>
                  <div class="step skip-bg">
                    <span>And user enters ccv number</span>
      <div>Step skipped
      </div>
                  </div>
                  <div class="step skip-bg">
                    <span>And user clicks proceed to pay button</span>
      <div>Step skipped
      </div>
                  </div>
              </div>
            </div>
        </div>
  </div>
</div>
          </div>
        </li>
        <li class="test-item"  status="fail" test-id="78"
          author=""
          tag=""
          device="">
          <div class="test-detail">
            <p class="name">testing Round way functionalities</p>
            <p class="text-sm">
              <span>6:37:09 PM</span> / <span>00:00:55:697</span>
              <span class="badge fail-bg log float-right">Fail</span>
            </p>
          </div>
          <div class="test-contents d-none">
<div class="detail-head">
<div class="p-v-10">
<div class="info">
<h5 class="test-status text-fail">testing Round way functionalities</h5>
<span class='badge badge-success'>04.10.2024 6:37:09 PM</span>
<span class='badge badge-danger'>04.10.2024 6:38:05 PM</span>
<span class='badge badge-default'>00:00:55:697</span>
&middot; <span class='uri-anchor badge badge-default'>#test-id=78</span>
<span class='badge badge-default pointer float-right ml-1 et'><i class="fa fa-chevron-down"></i></span>
<span class='badge badge-default pointer float-right ct'><i class="fa fa-chevron-up"></i></span>
</div>
<div class="m-t-10 m-l-5"></div>
</div>
</div>
<div class="accordion mt-4">
  <div class="card">
    <div class="card-header" role="tab">
      <div class="card-title">
        <div class="node" id="79"><span class="badge log fail-bg mr-2">Fail</span>User Validates Tow-Way Trip Functionality</div>
      </div>
    </div>
        <div class="scenario_outline ">
            <div class="card-body l1">
              <div class="card-header">
                <div class="card-title outline-child">
                  <div class="node" id="80"><span class="badge log fail-bg mr-2">Fail</span>User Validates Tow-Way Trip Functionality</div>
                </div>
              </div>
              <div class="card-body mt-3 ">
                  <div class="step pass-bg">
                    <span>Given open the browser</span>
      <div>
      </div>
                  </div>
                  <div class="step pass-bg">
                    <span>And goes to landing page</span>
      <div>
      </div>
                  </div>
                  <div class="step pass-bg">
                    <span>Given the user clicks the Two-Way Trip checkbox</span>
      <div>
      </div>
                  </div>
                  <div class="step pass-bg">
                    <span>When the user enters data for the From field</span>
      <div>
      </div>
                  </div>
                  <div class="step pass-bg">
                    <span>And the user enters data for the Destination field</span>
      <div>
      </div>
                  </div>
                  <div class="step pass-bg">
                    <span>And the user selects a departure date and time</span>
      <div>
      </div>
                  </div>
                  <div class="step pass-bg">
                    <span>And the user selects a return date and time</span>
      <div>
      </div>
                  </div>
                  <div class="step pass-bg">
                    <span>And the user enters passenger details</span>
      <div>
      </div>
                  </div>
                  <div class="step pass-bg">
                    <span>And the user selects the desired currency type</span>
      <div>
      </div>
                  </div>
                  <div class="step pass-bg">
                    <span>And the user selects the Discount radio button</span>
      <div>
      </div>
                  </div>
                  <div class="step pass-bg">
                    <span>And the user selects the Discount radio button</span>
      <div>
      </div>
                  </div>
                  <div class="step pass-bg">
                    <span>And the user clicks the Search Flights button</span>
      <div>
      </div>
                  </div>
                  <div class="step pass-bg">
                    <span>Then the system should display relevant flight options for the given criteria</span>
      <div>
      </div>
                  </div>
                  <div class="step pass-bg">
                    <span>When the user clicks the Continue button</span>
      <div>
      </div>
                  </div>
                  <div class="step pass-bg">
                    <span>Then the user should be redirected to the passenger details page</span>
      <div>
      </div>
                  </div>
                  <div class="step pass-bg">
                    <span>When the user selects the title for the contact person</span>
      <div>
      </div>
                  </div>
                  <div class="step pass-bg">
                    <span>And enters the contact details "Sivakumar" "A" "8015648353" "sivadot07@gmail.com"</span>
      <div>
      </div>
                  </div>
                  <div class="step pass-bg">
                    <span>And selects the country and enters the city</span>
      <div>
      </div>
                  </div>
                  <div class="step pass-bg">
                    <span>And adds passenger details for each traveler</span>
      <div>
      </div>
                  </div>
                  <div class="step pass-bg">
                    <span>And user enters first passanger details  "Sivakumar" "A" "80157648363" "sivadot2810@gmail.com"</span>
      <div>
      </div>
                  </div>
                  <div class="step pass-bg">
                    <span>And user enters second passanger details "Karthick" "A" "9698769644"</span>
      <div>
      </div>
                  </div>
                  <div class="step pass-bg">
                    <span>And user enters third passanger details "iniyalini" "S" "80676765"</span>
      <div>
      </div>
                  </div>
                  <div class="step fail-bg">
                    <span>And user clicks contine button</span>
      <div>
        <textarea disabled class="code-block">org.openqa.selenium.TimeoutException: Expected condition failed: waiting for element to be clickable: [[ChromeDriver: chrome on windows (a8129484cf508a38442a2a80e6347a92)] -> xpath: (//div[@class='css-1dbjc4n r-1niwhzg r-1p0dtai r-1d2f490 r-1udh08x r-u8s1d r-zchlnj r-ipm5af'])[2]] (tried for 16 second(s) with 500 milliseconds interval)
Build info: version: '4.18.1', revision: 'b1d3319b48'
System info: os.name: 'Windows 11', os.arch: 'amd64', os.version: '10.0', java.version: '17.0.9'
Driver info: org.openqa.selenium.chrome.ChromeDriver
Capabilities {acceptInsecureCerts: false, browserName: chrome, browserVersion: 123.0.6312.106, chrome: {chromedriverVersion: 123.0.6312.105 (399174dbe6e..., userDataDir: C:\Users\HP\AppData\Local\T...}, fedcm:accounts: true, goog:chromeOptions: {debuggerAddress: localhost:49687}, networkConnectionEnabled: false, pageLoadStrategy: normal, platformName: windows, proxy: Proxy(), se:cdp: ws://localhost:49687/devtoo..., se:cdpVersion: 123.0.6312.106, setWindowRect: true, strictFileInteractability: false, timeouts: {implicit: 0, pageLoad: 300000, script: 30000}, unhandledPromptBehavior: dismiss and notify, webauthn:extension:credBlob: true, webauthn:extension:largeBlob: true, webauthn:extension:minPinLength: true, webauthn:extension:prf: true, webauthn:virtualAuthenticators: true}
Session ID: a8129484cf508a38442a2a80e6347a92
	at org.openqa.selenium.support.ui.WebDriverWait.timeoutException(WebDriverWait.java:84)
	at org.openqa.selenium.support.ui.FluentWait.until(FluentWait.java:228)
	at org.utils.UtilityMethods.webdriverwait(UtilityMethods.java:198)
	at org.base.ProjectSpecification.waituntilelementtoclick(ProjectSpecification.java:42)
	at org.stepdefinition.StepDef_Pasangerdetails.user_clicks_contine_button(StepDef_Pasangerdetails.java:110)
	at ?.user clicks contine button(file:///C:/Users/HP/Eclipse%20workspace%20new/SpicejetEvaluation/project_feature/roundwaytrip.feature:30)
</textarea>
      
      </div>
                  </div>
                  <div class="step skip-bg">
                    <span>And user handles offers alert</span>
      <div>Step skipped
      </div>
                  </div>
                  <div class="step skip-bg">
                    <span>And user enters debit card number</span>
      <div>Step skipped
      </div>
                  </div>
                  <div class="step skip-bg">
                    <span>And user enters card holder name</span>
      <div>Step skipped
      </div>
                  </div>
                  <div class="step skip-bg">
                    <span>And user enters debit card valid month and year</span>
      <div>Step skipped
      </div>
                  </div>
                  <div class="step skip-bg">
                    <span>And user enters ccv number</span>
      <div>Step skipped
      </div>
                  </div>
                  <div class="step skip-bg">
                    <span>And user clicks proceed to pay button</span>
      <div>Step skipped
      </div>
                  </div>
              </div>
            </div>
        </div>
  </div>
</div>
          </div>
        </li>
        <li class="test-item"  status="fail" test-id="110"
          author=""
          tag=""
          device="">
          <div class="test-detail">
            <p class="name">testing signup functionalaties</p>
            <p class="text-sm">
              <span>6:38:05 PM</span> / <span>00:02:10:329</span>
              <span class="badge fail-bg log float-right">Fail</span>
            </p>
          </div>
          <div class="test-contents d-none">
<div class="detail-head">
<div class="p-v-10">
<div class="info">
<h5 class="test-status text-fail">testing signup functionalaties</h5>
<span class='badge badge-success'>04.10.2024 6:38:05 PM</span>
<span class='badge badge-danger'>04.10.2024 6:40:15 PM</span>
<span class='badge badge-default'>00:02:10:329</span>
&middot; <span class='uri-anchor badge badge-default'>#test-id=110</span>
<span class='badge badge-default pointer float-right ml-1 et'><i class="fa fa-chevron-down"></i></span>
<span class='badge badge-default pointer float-right ct'><i class="fa fa-chevron-up"></i></span>
</div>
<div class="m-t-10 m-l-5"></div>
</div>
</div>
<div class="accordion mt-4">
  <div class="card">
    <div class="card-header" role="tab">
      <div class="card-title">
        <div class="node" id="111"><span class="badge log fail-bg mr-2">Fail</span>User validates positive signup</div>
      </div>
    </div>
        <div class="">
          <div class="card-body">
              <div class="step pass-bg" title="org.stepdefinition.StepDef_Background.open_Browser()">
                <span>Given open the browser</span>
      <div>
      </div>
              </div>
              <div class="step pass-bg" title="org.stepdefinition.StepDef_Background.launch_Url()">
                <span>And goes to landing page</span>
      <div>
      </div>
              </div>
              <div class="step pass-bg" title="org.stepdefinition.StepDef_Signup_positive.the_user_clicks_the_signup_button()">
                <span>Given the user clicks the signup button</span>
      <div>
      </div>
              </div>
              <div class="step pass-bg" title="org.stepdefinition.StepDef_Signup_positive.the_user_selects_title()">
                <span>When the user selects title</span>
      <div>
      </div>
              </div>
              <div class="step pass-bg" title="org.stepdefinition.StepDef_Signup_positive.the_user_enters_a_valid_first_name()">
                <span>And the user enters a valid first name</span>
      <div>
      </div>
              </div>
              <div class="step pass-bg" title="org.stepdefinition.StepDef_Signup_positive.the_user_enters_a_valid_last_name()">
                <span>And the user enters a valid last name</span>
      <div>
      </div>
              </div>
              <div class="step pass-bg" title="org.stepdefinition.StepDef_Signup_positive.the_user_selects_their_country()">
                <span>And the user selects their country</span>
      <div>
      </div>
              </div>
              <div class="step pass-bg" title="org.stepdefinition.StepDef_Signup_positive.the_user_enters_their_date_of_birth()">
                <span>And the user enters their date of birth</span>
      <div>
      </div>
              </div>
              <div class="step pass-bg" title="org.stepdefinition.StepDef_Signup_positive.the_user_enters_their_phone_number()">
                <span>And the user enters their phone number</span>
      <div>
      </div>
              </div>
              <div class="step pass-bg" title="org.stepdefinition.StepDef_Signup_positive.the_user_enters_their_email_address()">
                <span>And the user enters their email address</span>
      <div>
      </div>
              </div>
              <div class="step pass-bg" title="org.stepdefinition.StepDef_Signup_positive.the_user_enters_a_valid_password()">
                <span>And the user enters a valid password</span>
      <div>
      </div>
              </div>
              <div class="step pass-bg" title="org.stepdefinition.StepDef_Signup_positive.the_user_confirms_the_password()">
                <span>And the user confirms the password</span>
      <div>
      </div>
              </div>
              <div class="step fail-bg" title="org.stepdefinition.StepDef_Signup_positive.the_user_agrees_to_terms_and_conditions()">
                <span>And the user agrees to terms and conditions</span>
      <div>
        <textarea disabled class="code-block">org.openqa.selenium.ElementClickInterceptedException: element click intercepted: Element is not clickable at point (82, 811)
  (Session info: chrome=123.0.6312.106)
Build info: version: '4.18.1', revision: 'b1d3319b48'
System info: os.name: 'Windows 11', os.arch: 'amd64', os.version: '10.0', java.version: '17.0.9'
Driver info: org.openqa.selenium.chrome.ChromeDriver
Command: [8be1798cd61e5607de1d73061a92bd93, clickElement {id=f.FA87778D10E3D5BD53C668252ABAE0A6.d.B2DFC9178D0CB9354D2518EEF9CF90D9.e.40}]
Capabilities {acceptInsecureCerts: false, browserName: chrome, browserVersion: 123.0.6312.106, chrome: {chromedriverVersion: 123.0.6312.105 (399174dbe6e..., userDataDir: C:\Users\HP\AppData\Local\T...}, fedcm:accounts: true, goog:chromeOptions: {debuggerAddress: localhost:49791}, networkConnectionEnabled: false, pageLoadStrategy: normal, platformName: windows, proxy: Proxy(), se:cdp: ws://localhost:49791/devtoo..., se:cdpVersion: 123.0.6312.106, setWindowRect: true, strictFileInteractability: false, timeouts: {implicit: 0, pageLoad: 300000, script: 30000}, unhandledPromptBehavior: dismiss and notify, webauthn:extension:credBlob: true, webauthn:extension:largeBlob: true, webauthn:extension:minPinLength: true, webauthn:extension:prf: true, webauthn:virtualAuthenticators: true}
Element: [[ChromeDriver: chrome on windows (8be1798cd61e5607de1d73061a92bd93)] -> xpath: //input[@class='form-check-input mt-02']]
Session ID: 8be1798cd61e5607de1d73061a92bd93
	at java.base/jdk.internal.reflect.NativeConstructorAccessorImpl.newInstance0(Native Method)
	at java.base/jdk.internal.reflect.NativeConstructorAccessorImpl.newInstance(NativeConstructorAccessorImpl.java:77)
	at java.base/jdk.internal.reflect.DelegatingConstructorAccessorImpl.newInstance(DelegatingConstructorAccessorImpl.java:45)
	at java.base/java.lang.reflect.Constructor.newInstanceWithCaller(Constructor.java:499)
	at java.base/java.lang.reflect.Constructor.newInstance(Constructor.java:480)
	at org.openqa.selenium.remote.ErrorCodec.decode(ErrorCodec.java:167)
	at org.openqa.selenium.remote.codec.w3c.W3CHttpResponseCodec.decode(W3CHttpResponseCodec.java:138)
	at org.openqa.selenium.remote.codec.w3c.W3CHttpResponseCodec.decode(W3CHttpResponseCodec.java:50)
	at org.openqa.selenium.remote.HttpCommandExecutor.execute(HttpCommandExecutor.java:190)
	at org.openqa.selenium.remote.service.DriverCommandExecutor.invokeExecute(DriverCommandExecutor.java:216)
	at org.openqa.selenium.remote.service.DriverCommandExecutor.execute(DriverCommandExecutor.java:174)
	at org.openqa.selenium.remote.RemoteWebDriver.execute(RemoteWebDriver.java:519)
	at org.openqa.selenium.remote.RemoteWebElement.execute(RemoteWebElement.java:223)
	at org.openqa.selenium.remote.RemoteWebElement.click(RemoteWebElement.java:76)
	at jdk.internal.reflect.GeneratedMethodAccessor31.invoke(Unknown Source)
	at java.base/jdk.internal.reflect.DelegatingMethodAccessorImpl.invoke(DelegatingMethodAccessorImpl.java:43)
	at java.base/java.lang.reflect.Method.invoke(Method.java:568)
	at org.openqa.selenium.support.pagefactory.internal.LocatingElementHandler.invoke(LocatingElementHandler.java:51)
	at jdk.proxy2/jdk.proxy2.$Proxy21.click(Unknown Source)
	at org.stepdefinition.StepDef_Signup_positive.the_user_agrees_to_terms_and_conditions(StepDef_Signup_positive.java:138)
	at ?.the user agrees to terms and conditions(file:///C:/Users/HP/Eclipse%20workspace%20new/SpicejetEvaluation/project_feature/signup.feature:19)
</textarea>
      
      </div>
              </div>
              <div class="step skip-bg" title="org.stepdefinition.StepDef_Signup_positive.the_user_clicks_the_submit_button()">
                <span>And the user clicks the submit button</span>
      <div>Step skipped
      </div>
              </div>
          </div>
        </div>
  </div>
  <div class="card">
    <div class="card-header" role="tab">
      <div class="card-title">
        <div class="node" id="126"><span class="badge log fail-bg mr-2">Fail</span>user validate negative signup</div>
      </div>
    </div>
        <div class="scenario_outline ">
            <div class="card-body l1">
              <div class="card-header">
                <div class="card-title outline-child">
                  <div class="node" id="127"><span class="badge log fail-bg mr-2">Fail</span>user validate negative signup</div>
                </div>
              </div>
              <div class="card-body mt-3 ">
                  <div class="step pass-bg">
                    <span>Given open the browser</span>
      <div>
      </div>
                  </div>
                  <div class="step pass-bg">
                    <span>And goes to landing page</span>
      <div>
      </div>
                  </div>
                  <div class="step pass-bg">
                    <span>Given the user clicks the signup button</span>
      <div>
      </div>
                  </div>
                  <div class="step pass-bg">
                    <span>When the user selects title</span>
      <div>
      </div>
                  </div>
                  <div class="step pass-bg">
                    <span>And the user enters a valid first name</span>
      <div>
      </div>
                  </div>
                  <div class="step pass-bg">
                    <span>And the user enters a valid last name</span>
      <div>
      </div>
                  </div>
                  <div class="step pass-bg">
                    <span>And the user selects their country</span>
      <div>
      </div>
                  </div>
                  <div class="step pass-bg">
                    <span>And the user enters their date of birth</span>
      <div>
      </div>
                  </div>
                  <div class="step pass-bg">
                    <span>And the user enters their phone number</span>
      <div>
      </div>
                  </div>
                  <div class="step pass-bg">
                    <span>Then the user enters invalid "sivadotgmail@com"</span>
      <div>
      </div>
                  </div>
                  <div class="step pass-bg">
                    <span>And user enters invalid "Adse9566@"</span>
      <div>
      </div>
                  </div>
                  <div class="step pass-bg">
                    <span>And the user confirms the password</span>
      <div>
      </div>
                  </div>
                  <div class="step fail-bg">
                    <span>And the user agrees to terms and conditions</span>
      <div>
        <textarea disabled class="code-block">org.openqa.selenium.ElementClickInterceptedException: element click intercepted: Element is not clickable at point (82, 644)
  (Session info: chrome=123.0.6312.106)
Build info: version: '4.18.1', revision: 'b1d3319b48'
System info: os.name: 'Windows 11', os.arch: 'amd64', os.version: '10.0', java.version: '17.0.9'
Driver info: org.openqa.selenium.chrome.ChromeDriver
Command: [32efacf1ff5b75dd80706dc579768396, clickElement {id=f.B5C6189AB5E5855756C275F94E830ADC.d.959F984E8211B1E71428CF511972A99E.e.39}]
Capabilities {acceptInsecureCerts: false, browserName: chrome, browserVersion: 123.0.6312.106, chrome: {chromedriverVersion: 123.0.6312.105 (399174dbe6e..., userDataDir: C:\Users\HP\AppData\Local\T...}, fedcm:accounts: true, goog:chromeOptions: {debuggerAddress: localhost:49885}, networkConnectionEnabled: false, pageLoadStrategy: normal, platformName: windows, proxy: Proxy(), se:cdp: ws://localhost:49885/devtoo..., se:cdpVersion: 123.0.6312.106, setWindowRect: true, strictFileInteractability: false, timeouts: {implicit: 0, pageLoad: 300000, script: 30000}, unhandledPromptBehavior: dismiss and notify, webauthn:extension:credBlob: true, webauthn:extension:largeBlob: true, webauthn:extension:minPinLength: true, webauthn:extension:prf: true, webauthn:virtualAuthenticators: true}
Element: [[ChromeDriver: chrome on windows (32efacf1ff5b75dd80706dc579768396)] -> xpath: //input[@class='form-check-input mt-02']]
Session ID: 32efacf1ff5b75dd80706dc579768396
	at java.base/jdk.internal.reflect.NativeConstructorAccessorImpl.newInstance0(Native Method)
	at java.base/jdk.internal.reflect.NativeConstructorAccessorImpl.newInstance(NativeConstructorAccessorImpl.java:77)
	at java.base/jdk.internal.reflect.DelegatingConstructorAccessorImpl.newInstance(DelegatingConstructorAccessorImpl.java:45)
	at java.base/java.lang.reflect.Constructor.newInstanceWithCaller(Constructor.java:499)
	at java.base/java.lang.reflect.Constructor.newInstance(Constructor.java:480)
	at org.openqa.selenium.remote.ErrorCodec.decode(ErrorCodec.java:167)
	at org.openqa.selenium.remote.codec.w3c.W3CHttpResponseCodec.decode(W3CHttpResponseCodec.java:138)
	at org.openqa.selenium.remote.codec.w3c.W3CHttpResponseCodec.decode(W3CHttpResponseCodec.java:50)
	at org.openqa.selenium.remote.HttpCommandExecutor.execute(HttpCommandExecutor.java:190)
	at org.openqa.selenium.remote.service.DriverCommandExecutor.invokeExecute(DriverCommandExecutor.java:216)
	at org.openqa.selenium.remote.service.DriverCommandExecutor.execute(DriverCommandExecutor.java:174)
	at org.openqa.selenium.remote.RemoteWebDriver.execute(RemoteWebDriver.java:519)
	at org.openqa.selenium.remote.RemoteWebElement.execute(RemoteWebElement.java:223)
	at org.openqa.selenium.remote.RemoteWebElement.click(RemoteWebElement.java:76)
	at jdk.internal.reflect.GeneratedMethodAccessor31.invoke(Unknown Source)
	at java.base/jdk.internal.reflect.DelegatingMethodAccessorImpl.invoke(DelegatingMethodAccessorImpl.java:43)
	at java.base/java.lang.reflect.Method.invoke(Method.java:568)
	at org.openqa.selenium.support.pagefactory.internal.LocatingElementHandler.invoke(LocatingElementHandler.java:51)
	at jdk.proxy2/jdk.proxy2.$Proxy21.click(Unknown Source)
	at org.stepdefinition.StepDef_Signup_positive.the_user_agrees_to_terms_and_conditions(StepDef_Signup_positive.java:138)
	at ?.the user agrees to terms and conditions(file:///C:/Users/HP/Eclipse%20workspace%20new/SpicejetEvaluation/project_feature/signup.feature:35)
</textarea>
      
      </div>
                  </div>
                  <div class="step skip-bg">
                    <span>And the user clicks the submit button</span>
      <div>Step skipped
      </div>
                  </div>
              </div>
            </div>
            <div class="card-body l1">
              <div class="card-header">
                <div class="card-title outline-child">
                  <div class="node" id="142"><span class="badge log fail-bg mr-2">Fail</span>user validate negative signup</div>
                </div>
              </div>
              <div class="card-body mt-3 ">
                  <div class="step pass-bg">
                    <span>Given open the browser</span>
      <div>
      </div>
                  </div>
                  <div class="step pass-bg">
                    <span>And goes to landing page</span>
      <div>
      </div>
                  </div>
                  <div class="step pass-bg">
                    <span>Given the user clicks the signup button</span>
      <div>
      </div>
                  </div>
                  <div class="step pass-bg">
                    <span>When the user selects title</span>
      <div>
      </div>
                  </div>
                  <div class="step pass-bg">
                    <span>And the user enters a valid first name</span>
      <div>
      </div>
                  </div>
                  <div class="step pass-bg">
                    <span>And the user enters a valid last name</span>
      <div>
      </div>
                  </div>
                  <div class="step pass-bg">
                    <span>And the user selects their country</span>
      <div>
      </div>
                  </div>
                  <div class="step pass-bg">
                    <span>And the user enters their date of birth</span>
      <div>
      </div>
                  </div>
                  <div class="step pass-bg">
                    <span>And the user enters their phone number</span>
      <div>
      </div>
                  </div>
                  <div class="step pass-bg">
                    <span>Then the user enters invalid "sivadot2810gmail.com"</span>
      <div>
      </div>
                  </div>
                  <div class="step fail-bg">
                    <span>And user enters invalid "Adse9566@"</span>
      <div>
        <textarea disabled class="code-block">org.openqa.selenium.ElementNotInteractableException: element not interactable
  (Session info: chrome=123.0.6312.106)
Build info: version: '4.18.1', revision: 'b1d3319b48'
System info: os.name: 'Windows 11', os.arch: 'amd64', os.version: '10.0', java.version: '17.0.9'
Driver info: org.openqa.selenium.chrome.ChromeDriver
Command: [d9ad0d1e080fb935602093a3fa339b43, sendKeysToElement {id=f.2EC82F51BE1397760EB852256C5D31E0.d.F1B0A5B5DA6BC143A97E1B506C088895.e.37, value=[Ljava.lang.CharSequence;@11ad327f}]
Capabilities {acceptInsecureCerts: false, browserName: chrome, browserVersion: 123.0.6312.106, chrome: {chromedriverVersion: 123.0.6312.105 (399174dbe6e..., userDataDir: C:\Users\HP\AppData\Local\T...}, fedcm:accounts: true, goog:chromeOptions: {debuggerAddress: localhost:49972}, networkConnectionEnabled: false, pageLoadStrategy: normal, platformName: windows, proxy: Proxy(), se:cdp: ws://localhost:49972/devtoo..., se:cdpVersion: 123.0.6312.106, setWindowRect: true, strictFileInteractability: false, timeouts: {implicit: 0, pageLoad: 300000, script: 30000}, unhandledPromptBehavior: dismiss and notify, webauthn:extension:credBlob: true, webauthn:extension:largeBlob: true, webauthn:extension:minPinLength: true, webauthn:extension:prf: true, webauthn:virtualAuthenticators: true}
Element: [[ChromeDriver: chrome on windows (d9ad0d1e080fb935602093a3fa339b43)] -> id: new-password]
Session ID: d9ad0d1e080fb935602093a3fa339b43
	at java.base/jdk.internal.reflect.NativeConstructorAccessorImpl.newInstance0(Native Method)
	at java.base/jdk.internal.reflect.NativeConstructorAccessorImpl.newInstance(NativeConstructorAccessorImpl.java:77)
	at java.base/jdk.internal.reflect.DelegatingConstructorAccessorImpl.newInstance(DelegatingConstructorAccessorImpl.java:45)
	at java.base/java.lang.reflect.Constructor.newInstanceWithCaller(Constructor.java:499)
	at java.base/java.lang.reflect.Constructor.newInstance(Constructor.java:480)
	at org.openqa.selenium.remote.ErrorCodec.decode(ErrorCodec.java:167)
	at org.openqa.selenium.remote.codec.w3c.W3CHttpResponseCodec.decode(W3CHttpResponseCodec.java:138)
	at org.openqa.selenium.remote.codec.w3c.W3CHttpResponseCodec.decode(W3CHttpResponseCodec.java:50)
	at org.openqa.selenium.remote.HttpCommandExecutor.execute(HttpCommandExecutor.java:190)
	at org.openqa.selenium.remote.service.DriverCommandExecutor.invokeExecute(DriverCommandExecutor.java:216)
	at org.openqa.selenium.remote.service.DriverCommandExecutor.execute(DriverCommandExecutor.java:174)
	at org.openqa.selenium.remote.RemoteWebDriver.execute(RemoteWebDriver.java:519)
	at org.openqa.selenium.remote.RemoteWebElement.execute(RemoteWebElement.java:223)
	at org.openqa.selenium.remote.RemoteWebElement.sendKeys(RemoteWebElement.java:110)
	at jdk.internal.reflect.GeneratedMethodAccessor32.invoke(Unknown Source)
	at java.base/jdk.internal.reflect.DelegatingMethodAccessorImpl.invoke(DelegatingMethodAccessorImpl.java:43)
	at java.base/java.lang.reflect.Method.invoke(Method.java:568)
	at org.openqa.selenium.support.pagefactory.internal.LocatingElementHandler.invoke(LocatingElementHandler.java:51)
	at jdk.proxy2/jdk.proxy2.$Proxy21.sendKeys(Unknown Source)
	at org.stepdefinition.StepDef_Signup_positive.user_enters_invalid(StepDef_Signup_positive.java:120)
	at ?.user enters invalid "Adse9566@"(file:///C:/Users/HP/Eclipse%20workspace%20new/SpicejetEvaluation/project_feature/signup.feature:33)
</textarea>
      
      </div>
                  </div>
                  <div class="step skip-bg">
                    <span>And the user confirms the password</span>
      <div>Step skipped
      </div>
                  </div>
                  <div class="step skip-bg">
                    <span>And the user agrees to terms and conditions</span>
      <div>Step skipped
      </div>
                  </div>
                  <div class="step skip-bg">
                    <span>And the user clicks the submit button</span>
      <div>Step skipped
      </div>
                  </div>
              </div>
            </div>
            <div class="card-body l1">
              <div class="card-header">
                <div class="card-title outline-child">
                  <div class="node" id="157"><span class="badge log fail-bg mr-2">Fail</span>user validate negative signup</div>
                </div>
              </div>
              <div class="card-body mt-3 ">
                  <div class="step pass-bg">
                    <span>Given open the browser</span>
      <div>
      </div>
                  </div>
                  <div class="step pass-bg">
                    <span>And goes to landing page</span>
      <div>
      </div>
                  </div>
                  <div class="step pass-bg">
                    <span>Given the user clicks the signup button</span>
      <div>
      </div>
                  </div>
                  <div class="step pass-bg">
                    <span>When the user selects title</span>
      <div>
      </div>
                  </div>
                  <div class="step pass-bg">
                    <span>And the user enters a valid first name</span>
      <div>
      </div>
                  </div>
                  <div class="step pass-bg">
                    <span>And the user enters a valid last name</span>
      <div>
      </div>
                  </div>
                  <div class="step pass-bg">
                    <span>And the user selects their country</span>
      <div>
      </div>
                  </div>
                  <div class="step pass-bg">
                    <span>And the user enters their date of birth</span>
      <div>
      </div>
                  </div>
                  <div class="step pass-bg">
                    <span>And the user enters their phone number</span>
      <div>
      </div>
                  </div>
                  <div class="step pass-bg">
                    <span>Then the user enters invalid "sivadot @gmail.com"</span>
      <div>
      </div>
                  </div>
                  <div class="step pass-bg">
                    <span>And user enters invalid "Adse9566@"</span>
      <div>
      </div>
                  </div>
                  <div class="step pass-bg">
                    <span>And the user confirms the password</span>
      <div>
      </div>
                  </div>
                  <div class="step fail-bg">
                    <span>And the user agrees to terms and conditions</span>
      <div>
        <textarea disabled class="code-block">org.openqa.selenium.ElementClickInterceptedException: element click intercepted: Element is not clickable at point (82, 838)
  (Session info: chrome=123.0.6312.106)
Build info: version: '4.18.1', revision: 'b1d3319b48'
System info: os.name: 'Windows 11', os.arch: 'amd64', os.version: '10.0', java.version: '17.0.9'
Driver info: org.openqa.selenium.chrome.ChromeDriver
Command: [4fc6082e3fc6a12f68db7677ca901cfd, clickElement {id=f.2C9B53B902CFCF0DD920641341BAE8A9.d.D222EEBD5A2BA7372F482467FF2414F5.e.39}]
Capabilities {acceptInsecureCerts: false, browserName: chrome, browserVersion: 123.0.6312.106, chrome: {chromedriverVersion: 123.0.6312.105 (399174dbe6e..., userDataDir: C:\Users\HP\AppData\Local\T...}, fedcm:accounts: true, goog:chromeOptions: {debuggerAddress: localhost:50065}, networkConnectionEnabled: false, pageLoadStrategy: normal, platformName: windows, proxy: Proxy(), se:cdp: ws://localhost:50065/devtoo..., se:cdpVersion: 123.0.6312.106, setWindowRect: true, strictFileInteractability: false, timeouts: {implicit: 0, pageLoad: 300000, script: 30000}, unhandledPromptBehavior: dismiss and notify, webauthn:extension:credBlob: true, webauthn:extension:largeBlob: true, webauthn:extension:minPinLength: true, webauthn:extension:prf: true, webauthn:virtualAuthenticators: true}
Element: [[ChromeDriver: chrome on windows (4fc6082e3fc6a12f68db7677ca901cfd)] -> xpath: //input[@class='form-check-input mt-02']]
Session ID: 4fc6082e3fc6a12f68db7677ca901cfd
	at java.base/jdk.internal.reflect.NativeConstructorAccessorImpl.newInstance0(Native Method)
	at java.base/jdk.internal.reflect.NativeConstructorAccessorImpl.newInstance(NativeConstructorAccessorImpl.java:77)
	at java.base/jdk.internal.reflect.DelegatingConstructorAccessorImpl.newInstance(DelegatingConstructorAccessorImpl.java:45)
	at java.base/java.lang.reflect.Constructor.newInstanceWithCaller(Constructor.java:499)
	at java.base/java.lang.reflect.Constructor.newInstance(Constructor.java:480)
	at org.openqa.selenium.remote.ErrorCodec.decode(ErrorCodec.java:167)
	at org.openqa.selenium.remote.codec.w3c.W3CHttpResponseCodec.decode(W3CHttpResponseCodec.java:138)
	at org.openqa.selenium.remote.codec.w3c.W3CHttpResponseCodec.decode(W3CHttpResponseCodec.java:50)
	at org.openqa.selenium.remote.HttpCommandExecutor.execute(HttpCommandExecutor.java:190)
	at org.openqa.selenium.remote.service.DriverCommandExecutor.invokeExecute(DriverCommandExecutor.java:216)
	at org.openqa.selenium.remote.service.DriverCommandExecutor.execute(DriverCommandExecutor.java:174)
	at org.openqa.selenium.remote.RemoteWebDriver.execute(RemoteWebDriver.java:519)
	at org.openqa.selenium.remote.RemoteWebElement.execute(RemoteWebElement.java:223)
	at org.openqa.selenium.remote.RemoteWebElement.click(RemoteWebElement.java:76)
	at jdk.internal.reflect.GeneratedMethodAccessor31.invoke(Unknown Source)
	at java.base/jdk.internal.reflect.DelegatingMethodAccessorImpl.invoke(DelegatingMethodAccessorImpl.java:43)
	at java.base/java.lang.reflect.Method.invoke(Method.java:568)
	at org.openqa.selenium.support.pagefactory.internal.LocatingElementHandler.invoke(LocatingElementHandler.java:51)
	at jdk.proxy2/jdk.proxy2.$Proxy21.click(Unknown Source)
	at org.stepdefinition.StepDef_Signup_positive.the_user_agrees_to_terms_and_conditions(StepDef_Signup_positive.java:138)
	at ?.the user agrees to terms and conditions(file:///C:/Users/HP/Eclipse%20workspace%20new/SpicejetEvaluation/project_feature/signup.feature:35)
</textarea>
      
      </div>
                  </div>
                  <div class="step skip-bg">
                    <span>And the user clicks the submit button</span>
      <div>Step skipped
      </div>
                  </div>
              </div>
            </div>
            <div class="card-body l1">
              <div class="card-header">
                <div class="card-title outline-child">
                  <div class="node" id="172"><span class="badge log fail-bg mr-2">Fail</span>user validate negative signup</div>
                </div>
              </div>
              <div class="card-body mt-3 ">
                  <div class="step pass-bg">
                    <span>Given open the browser</span>
      <div>
      </div>
                  </div>
                  <div class="step pass-bg">
                    <span>And goes to landing page</span>
      <div>
      </div>
                  </div>
                  <div class="step pass-bg">
                    <span>Given the user clicks the signup button</span>
      <div>
      </div>
                  </div>
                  <div class="step pass-bg">
                    <span>When the user selects title</span>
      <div>
      </div>
                  </div>
                  <div class="step pass-bg">
                    <span>And the user enters a valid first name</span>
      <div>
      </div>
                  </div>
                  <div class="step pass-bg">
                    <span>And the user enters a valid last name</span>
      <div>
      </div>
                  </div>
                  <div class="step pass-bg">
                    <span>And the user selects their country</span>
      <div>
      </div>
                  </div>
                  <div class="step pass-bg">
                    <span>And the user enters their date of birth</span>
      <div>
      </div>
                  </div>
                  <div class="step pass-bg">
                    <span>And the user enters their phone number</span>
      <div>
      </div>
                  </div>
                  <div class="step pass-bg">
                    <span>Then the user enters invalid "sivadot2810@gmail.com"</span>
      <div>
      </div>
                  </div>
                  <div class="step pass-bg">
                    <span>And user enters invalid "Adse9566@"</span>
      <div>
      </div>
                  </div>
                  <div class="step pass-bg">
                    <span>And the user confirms the password</span>
      <div>
      </div>
                  </div>
                  <div class="step fail-bg">
                    <span>And the user agrees to terms and conditions</span>
      <div>
        <textarea disabled class="code-block">org.openqa.selenium.ElementClickInterceptedException: element click intercepted: Element is not clickable at point (82, 851)
  (Session info: chrome=123.0.6312.106)
Build info: version: '4.18.1', revision: 'b1d3319b48'
System info: os.name: 'Windows 11', os.arch: 'amd64', os.version: '10.0', java.version: '17.0.9'
Driver info: org.openqa.selenium.chrome.ChromeDriver
Command: [121545538f45d5f280dd7c14bafb5bd2, clickElement {id=f.D7B4E4182B3EB38F9656298748CC684E.d.B39194FE06FD24008F8C19CF3C1B7109.e.39}]
Capabilities {acceptInsecureCerts: false, browserName: chrome, browserVersion: 123.0.6312.106, chrome: {chromedriverVersion: 123.0.6312.105 (399174dbe6e..., userDataDir: C:\Users\HP\AppData\Local\T...}, fedcm:accounts: true, goog:chromeOptions: {debuggerAddress: localhost:50157}, networkConnectionEnabled: false, pageLoadStrategy: normal, platformName: windows, proxy: Proxy(), se:cdp: ws://localhost:50157/devtoo..., se:cdpVersion: 123.0.6312.106, setWindowRect: true, strictFileInteractability: false, timeouts: {implicit: 0, pageLoad: 300000, script: 30000}, unhandledPromptBehavior: dismiss and notify, webauthn:extension:credBlob: true, webauthn:extension:largeBlob: true, webauthn:extension:minPinLength: true, webauthn:extension:prf: true, webauthn:virtualAuthenticators: true}
Element: [[ChromeDriver: chrome on windows (121545538f45d5f280dd7c14bafb5bd2)] -> xpath: //input[@class='form-check-input mt-02']]
Session ID: 121545538f45d5f280dd7c14bafb5bd2
	at java.base/jdk.internal.reflect.NativeConstructorAccessorImpl.newInstance0(Native Method)
	at java.base/jdk.internal.reflect.NativeConstructorAccessorImpl.newInstance(NativeConstructorAccessorImpl.java:77)
	at java.base/jdk.internal.reflect.DelegatingConstructorAccessorImpl.newInstance(DelegatingConstructorAccessorImpl.java:45)
	at java.base/java.lang.reflect.Constructor.newInstanceWithCaller(Constructor.java:499)
	at java.base/java.lang.reflect.Constructor.newInstance(Constructor.java:480)
	at org.openqa.selenium.remote.ErrorCodec.decode(ErrorCodec.java:167)
	at org.openqa.selenium.remote.codec.w3c.W3CHttpResponseCodec.decode(W3CHttpResponseCodec.java:138)
	at org.openqa.selenium.remote.codec.w3c.W3CHttpResponseCodec.decode(W3CHttpResponseCodec.java:50)
	at org.openqa.selenium.remote.HttpCommandExecutor.execute(HttpCommandExecutor.java:190)
	at org.openqa.selenium.remote.service.DriverCommandExecutor.invokeExecute(DriverCommandExecutor.java:216)
	at org.openqa.selenium.remote.service.DriverCommandExecutor.execute(DriverCommandExecutor.java:174)
	at org.openqa.selenium.remote.RemoteWebDriver.execute(RemoteWebDriver.java:519)
	at org.openqa.selenium.remote.RemoteWebElement.execute(RemoteWebElement.java:223)
	at org.openqa.selenium.remote.RemoteWebElement.click(RemoteWebElement.java:76)
	at jdk.internal.reflect.GeneratedMethodAccessor31.invoke(Unknown Source)
	at java.base/jdk.internal.reflect.DelegatingMethodAccessorImpl.invoke(DelegatingMethodAccessorImpl.java:43)
	at java.base/java.lang.reflect.Method.invoke(Method.java:568)
	at org.openqa.selenium.support.pagefactory.internal.LocatingElementHandler.invoke(LocatingElementHandler.java:51)
	at jdk.proxy2/jdk.proxy2.$Proxy21.click(Unknown Source)
	at org.stepdefinition.StepDef_Signup_positive.the_user_agrees_to_terms_and_conditions(StepDef_Signup_positive.java:138)
	at ?.the user agrees to terms and conditions(file:///C:/Users/HP/Eclipse%20workspace%20new/SpicejetEvaluation/project_feature/signup.feature:35)
</textarea>
      
      </div>
                  </div>
                  <div class="step skip-bg">
                    <span>And the user clicks the submit button</span>
      <div>Step skipped
      </div>
                  </div>
              </div>
            </div>
        </div>
  </div>
</div>
          </div>
        </li>
      </ul>
    </div>
  </div>
<div class="test-content scrollable">
<div class="test-content-tools">
<ul><li><a class="back-to-test" href="#"><i class="fa fa-arrow-left"></i></a></li></ul>
</div>
<div class="test-content-detail"><div class="detail-body"></div></div>
</div></div>
<div class="test-wrapper row view exception-view attributes-view">
<div class="test-list">
<div class="test-list-tools">
<ul class="tools pull-left"><li><a href=""><span class="font-size-14">Exception</span></a></li></ul>
<ul class="tools text-right"><li><a href="#"><span class="badge badge-primary">3</span></a></li></ul>
</div>
<div class="test-list-wrapper scrollable">
<ul class="test-list-item">
<li class="test-item">
<div class="test-detail">
<span class="meta">
<span class='badge log badge-danger'>2</span>
</span>
<p class="name">org.openqa.selenium.TimeoutException</p>
<p class="duration text-sm">2 tests</p>
</div>
<div class="test-contents d-none">
<div class="info">
<h4>org.openqa.selenium.TimeoutException</h4>
<span status="fail" class='badge log badge-danger'>2 failed</span>
</div>
<table class='table table-sm mt-4'>
<thead>
<tr>
<th class="status-col">Status</th>
<th class="timestamp-col">Timestamp</th>
<th>TestName</th>
</tr>
</thead>
<tbody>
<tr class="tag-test-status" status="fail">
<td><span class="badge log fail-bg">Fail</span></td>
<td>18:36:45 PM</td>
<td>
<a href="#" class="linked" test-id='48' id='71'>And user clicks contine button</a>
<div class="">
<span class="badge badge-default">Testing trip planning functionality.User Validates One-Way Trip Functionality.And user clicks contine button</span>
</div>
</td>
</tr>
<tr class="tag-test-status" status="fail">
<td><span class="badge log fail-bg">Fail</span></td>
<td>18:37:41 PM</td>
<td>
<a href="#" class="linked" test-id='78' id='103'>And user clicks contine button</a>
<div class="">
<span class="badge badge-default">testing Round way functionalities.User Validates Tow-Way Trip Functionality.And user clicks contine button</span>
</div>
</td>
</tr>
</tbody>
</table>
</div>
</li>
<li class="test-item">
<div class="test-detail">
<span class="meta">
<span class='badge log badge-danger'>1</span>
</span>
<p class="name">org.openqa.selenium.ElementNotInteractableException</p>
<p class="duration text-sm">1 tests</p>
</div>
<div class="test-contents d-none">
<div class="info">
<h4>org.openqa.selenium.ElementNotInteractableException</h4>
<span status="fail" class='badge log badge-danger'>1 failed</span>
</div>
<table class='table table-sm mt-4'>
<thead>
<tr>
<th class="status-col">Status</th>
<th class="timestamp-col">Timestamp</th>
<th>TestName</th>
</tr>
</thead>
<tbody>
<tr class="tag-test-status" status="fail">
<td><span class="badge log fail-bg">Fail</span></td>
<td>18:39:20 PM</td>
<td>
<a href="#" class="linked" test-id='110' id='153'>And user enters invalid "Adse9566@"</a>
<div class="">
<span class="badge badge-default">testing signup functionalaties.user validate negative signup.And user enters invalid "Adse9566@"</span>
</div>
</td>
</tr>
</tbody>
</table>
</div>
</li>
<li class="test-item">
<div class="test-detail">
<span class="meta">
<span class='badge log badge-danger'>4</span>
</span>
<p class="name">org.openqa.selenium.ElementClickInterceptedException</p>
<p class="duration text-sm">4 tests</p>
</div>
<div class="test-contents d-none">
<div class="info">
<h4>org.openqa.selenium.ElementClickInterceptedException</h4>
<span status="fail" class='badge log badge-danger'>4 failed</span>
</div>
<table class='table table-sm mt-4'>
<thead>
<tr>
<th class="status-col">Status</th>
<th class="timestamp-col">Timestamp</th>
<th>TestName</th>
</tr>
</thead>
<tbody>
<tr class="tag-test-status" status="fail">
<td><span class="badge log fail-bg">Fail</span></td>
<td>18:38:28 PM</td>
<td>
<a href="#" class="linked" test-id='110' id='124'>And the user agrees to terms and conditions</a>
<div class="">
<span class="badge badge-default">testing signup functionalaties.User validates positive signup.And the user agrees to terms and conditions</span>
</div>
</td>
</tr>
<tr class="tag-test-status" status="fail">
<td><span class="badge log fail-bg">Fail</span></td>
<td>18:38:59 PM</td>
<td>
<a href="#" class="linked" test-id='110' id='140'>And the user agrees to terms and conditions</a>
<div class="">
<span class="badge badge-default">testing signup functionalaties.user validate negative signup.And the user agrees to terms and conditions</span>
</div>
</td>
</tr>
<tr class="tag-test-status" status="fail">
<td><span class="badge log fail-bg">Fail</span></td>
<td>18:39:49 PM</td>
<td>
<a href="#" class="linked" test-id='110' id='170'>And the user agrees to terms and conditions</a>
<div class="">
<span class="badge badge-default">testing signup functionalaties.user validate negative signup.And the user agrees to terms and conditions</span>
</div>
</td>
</tr>
<tr class="tag-test-status" status="fail">
<td><span class="badge log fail-bg">Fail</span></td>
<td>18:40:14 PM</td>
<td>
<a href="#" class="linked" test-id='110' id='185'>And the user agrees to terms and conditions</a>
<div class="">
<span class="badge badge-default">testing signup functionalaties.user validate negative signup.And the user agrees to terms and conditions</span>
</div>
</td>
</tr>
</tbody>
</table>
</div>
</li>
</ul>
</div>
</div>
<div class="test-content scrollable">
<div class="test-content-detail">
<div class="detail-body"></div>
</div>
</div>
</div><div class="test-wrapper row view category-view attributes-view">
<div class="test-list">
<div class="test-list-tools">
<ul class="tools pull-left"><li><a href=""><span class="font-size-14">Category</span></a></li></ul>
<ul class="tools text-right"><li><a href="#"><span class="badge badge-primary">3</span></a></li></ul>
</div>
<div class="test-list-wrapper scrollable">
<ul class="test-list-item">
<li class="test-item">
<div class="test-detail">
<span class="meta">
<span class='badge log pass-bg'>1</span>
<span class='badge log badge-danger'>1</span>
</span>
<p class="name">@positive</p>
<p class="duration text-sm">2 tests</p>
</div>
<div class="test-contents d-none">
<div class="info">
<h4>@positive</h4>
<span status="pass" class='badge log pass-bg'>1 passed</span>
<span status="fail" class='badge log badge-danger'>1 failed</span>
</div>
<table class='table table-sm mt-4'>
<thead>
<tr>
<th class="status-col">Status</th>
<th class="timestamp-col">Timestamp</th>
<th>TestName</th>
</tr>
</thead>
<tbody>
<tr class="tag-test-status" status="pass">
<td><span class="badge log pass-bg">Pass</span></td>
<td>18:35:39 PM</td>
<td>
<a href="#" class="linked" test-id='1' id='32'>Successful login with valid credentials</a>
<div class="">
<span class="badge badge-default">testingLogin Functionalities:.Successful login with valid credentials</span>
</div>
</td>
</tr>
<tr class="tag-test-status" status="fail">
<td><span class="badge log fail-bg">Fail</span></td>
<td>18:38:05 PM</td>
<td>
<a href="#" class="linked" test-id='110' id='111'>User validates positive signup</a>
<div class="">
<span class="badge badge-default">testing signup functionalaties.User validates positive signup</span>
</div>
</td>
</tr>
</tbody>
</table>
</div>
</li>
<li class="test-item">
<div class="test-detail">
<span class="meta">
<span class='badge log pass-bg'>3</span>
<span class='badge log badge-danger'>4</span>
</span>
<p class="name">@negative</p>
<p class="duration text-sm">7 tests</p>
</div>
<div class="test-contents d-none">
<div class="info">
<h4>@negative</h4>
<span status="pass" class='badge log pass-bg'>3 passed</span>
<span status="fail" class='badge log badge-danger'>4 failed</span>
</div>
<table class='table table-sm mt-4'>
<thead>
<tr>
<th class="status-col">Status</th>
<th class="timestamp-col">Timestamp</th>
<th>TestName</th>
</tr>
</thead>
<tbody>
<tr class="tag-test-status" status="pass">
<td><span class="badge log pass-bg">Pass</span></td>
<td>18:35:07 PM</td>
<td>
<a href="#" class="linked" test-id='1' id='11'>Attempt login with invalid credentials</a>
<div class="">
<span class="badge badge-default">testingLogin Functionalities:.Attempt login with invalid credentials</span>
</div>
</td>
</tr>
<tr class="tag-test-status" status="pass">
<td><span class="badge log pass-bg">Pass</span></td>
<td>18:35:16 PM</td>
<td>
<a href="#" class="linked" test-id='1' id='18'>Attempt login with invalid credentials</a>
<div class="">
<span class="badge badge-default">testingLogin Functionalities:.Attempt login with invalid credentials</span>
</div>
</td>
</tr>
<tr class="tag-test-status" status="pass">
<td><span class="badge log pass-bg">Pass</span></td>
<td>18:35:27 PM</td>
<td>
<a href="#" class="linked" test-id='1' id='25'>Attempt login with invalid credentials</a>
<div class="">
<span class="badge badge-default">testingLogin Functionalities:.Attempt login with invalid credentials</span>
</div>
</td>
</tr>
<tr class="tag-test-status" status="fail">
<td><span class="badge log fail-bg">Fail</span></td>
<td>18:38:30 PM</td>
<td>
<a href="#" class="linked" test-id='110' id='127'>user validate negative signup</a>
<div class="">
<span class="badge badge-default">testing signup functionalaties.user validate negative signup</span>
</div>
</td>
</tr>
<tr class="tag-test-status" status="fail">
<td><span class="badge log fail-bg">Fail</span></td>
<td>18:39:00 PM</td>
<td>
<a href="#" class="linked" test-id='110' id='142'>user validate negative signup</a>
<div class="">
<span class="badge badge-default">testing signup functionalaties.user validate negative signup</span>
</div>
</td>
</tr>
<tr class="tag-test-status" status="fail">
<td><span class="badge log fail-bg">Fail</span></td>
<td>18:39:30 PM</td>
<td>
<a href="#" class="linked" test-id='110' id='157'>user validate negative signup</a>
<div class="">
<span class="badge badge-default">testing signup functionalaties.user validate negative signup</span>
</div>
</td>
</tr>
<tr class="tag-test-status" status="fail">
<td><span class="badge log fail-bg">Fail</span></td>
<td>18:39:50 PM</td>
<td>
<a href="#" class="linked" test-id='110' id='172'>user validate negative signup</a>
<div class="">
<span class="badge badge-default">testing signup functionalaties.user validate negative signup</span>
</div>
</td>
</tr>
</tbody>
</table>
</div>
</li>
<li class="test-item">
<div class="test-detail">
<span class="meta">
<span class='badge log pass-bg'>1</span>
</span>
<p class="name">@loginusingemail</p>
<p class="duration text-sm">1 tests</p>
</div>
<div class="test-contents d-none">
<div class="info">
<h4>@loginusingemail</h4>
<span status="pass" class='badge log pass-bg'>1 passed</span>
</div>
<table class='table table-sm mt-4'>
<thead>
<tr>
<th class="status-col">Status</th>
<th class="timestamp-col">Timestamp</th>
<th>TestName</th>
</tr>
</thead>
<tbody>
<tr class="tag-test-status" status="pass">
<td><span class="badge log pass-bg">Pass</span></td>
<td>18:35:00 PM</td>
<td>
<a href="#" class="linked" test-id='1' id='3'>Successfull login with valid credentials</a>
<div class="">
<span class="badge badge-default">testingLogin Functionalities:.Successfull login with valid credentials</span>
</div>
</td>
</tr>
</tbody>
</table>
</div>
</li>
</ul>
</div>
</div>
<div class="test-content scrollable">
<div class="test-content-detail">
<div class="detail-body"></div>
</div>
</div>
</div><div class="container-fluid p-4 view dashboard-view">
<div class="row">
<div class="col-md-3">
<div class="card"><div class="card-body">
<p class="m-b-0">Started</p>
<h3>Apr 10, 2024 06:35:00 PM</h3>
</div></div>
</div>
<div class="col-md-3">
<div class="card"><div class="card-body">
<p class="m-b-0">Ended</p>
<h3>Apr 10, 2024 06:40:15 PM</h3>
</div></div>
</div>
<div class="col-md-3">
<div class="card"><div class="card-body">
<p class="m-b-0 text-pass">Features Passed</p>
<h3>2</h3>
</div></div>
</div>
<div class="col-md-3">
<div class="card"><div class="card-body">
<p class="m-b-0 text-fail">Features Failed</p>
<h3>3</h3>
</div></div>
</div>
</div>
<div class="row">
<div class="col-md-4">
<div class="card">
<div class="card-header">
<h6 class="card-title">Features</h6>
</div>
<div class="card-body">
<div class="">
<canvas id='parent-analysis' width='115' height='90'></canvas>
</div>
</div>
<div class="card-footer">
<div><small data-tooltip='40%'>
<b>2</b> features passed
</small>
</div>
<div>
<small data-tooltip='60%'><b>3</b> features failed,
<b>0</b> skipped, <b data-tooltip='0%'>0</b> others
</small>
</div>
</div>
</div>
</div>
<div class="col-md-4">
<div class="card">
<div class="card-header">
<h6 class="card-title">Scenarios</h6>
</div>
<div class="card-body">
<div class="">
<canvas id='child-analysis' width='115' height='90'></canvas>
</div>
</div>
<div class="card-footer">
<div><small data-tooltip='46%'><b>6</b> scenarios passed</small></div>
<div>
<small data-tooltip='53%'><b>7</b> scenarios failed,
<b>0</b> skipped, <b data-tooltip='%'>0</b> others
</small>
</div>
</div>
</div>
</div>
<div class="col-md-4">
<div class="card">
<div class="card-header">
<h6 class="card-title">Steps</h6>
</div>
<div class="card-body">
<div class="">
<canvas id='grandchild-analysis' width='115' height='90'></canvas>
</div>
</div>
<div class="card-footer">
<div><small data-tooltip='84%'><b>137</b> steps passed</small></div>
<div>
<small data-tooltip='4%'><b>7</b> steps failed,
<b>19</b> skipped, <b data-tooltip='%'>0</b> others
</small>
</div>
</div>
</div>
</div>
</div>
<div class="row"><div class="col-md-12">
<div class="card"><div class="card-header"><p>Timeline</p></div>
<div class="card-body pt-0"><div>
<canvas id="timeline" height="120"></canvas>
</div></div>
</div>
</div></div>
<script>
var timeline = {
"testingLogin Functionalities:":51.262,"to validate checkin and flightstatus and manange booking fields":14.581,"Testing trip planning functionality":61.083,"testing Round way functionalities":55.697,"testing signup functionalaties":130.329
};
</script>
<div class="row">
<div class="col-lg-6 col-md-12 category-container">
<div class="card">
<div class="card-header"><p>Tags</p></div>
<div class="card-body pb-0 pt-0"><table class="table table-sm table-bordered">
<thead><tr class="bg-gray"><th>Name</th><th>Passed</th><th>Failed</th><th>Skipped</th><th>Others</th><th>Passed %</th></tr></thead><tbody>
<tr>
<td>@positive</td>
<td>1</td>
<td>1</td>
<td>0</td>
<td>0</td>
<td>50%</td>
</tr>
<tr>
<td>@negative</td>
<td>3</td>
<td>4</td>
<td>0</td>
<td>0</td>
<td>42.857%</td>
</tr>
<tr>
<td>@loginusingemail</td>
<td>1</td>
<td>0</td>
<td>0</td>
<td>0</td>
<td>100%</td>
</tr>
</tbody>
</table></div>
</div>
</div>
</div>
</div>
<script>
var statusGroup = {
parentCount: 5,
passParent: 2,
failParent: 3,
warningParent: 0,
skipParent: 0,
childCount: 5,
passChild: 6,
failChild: 7,
warningChild: 0,
skipChild: 0,
infoChild: 0,
grandChildCount: 5,
passGrandChild: 137,
failGrandChild: 7,
warningGrandChild: 0,
skipGrandChild: 19,
infoGrandChild: 0,
eventsCount: 5,
};
</script>        </div>
      </div>
    </div>
  </div>
<script src="https://cdn.jsdelivr.net/gh/extent-framework/extent-github-cdn@d6562a79075e061305ccfdb82f01e5e195e2d307/spark/js/spark-script.js"></script>
<script type="text/javascript"></script></body>
</html>