

<!DOCTYPE html>
<html>
<head>
<meta charset="UTF-8">
<meta name="viewport" content="width=device-width, initial-scale=1, shrink-to-fit=no">
<title></title>
<link rel="apple-touch-icon" href="https://cdn.jsdelivr.net/gh/extent-framework/extent-github-cdn@b00a2d0486596e73dd7326beacf352c639623a0e/commons/img/logo.png">
<link rel="shortcut icon" href="https://cdn.jsdelivr.net/gh/extent-framework/extent-github-cdn@b00a2d0486596e73dd7326beacf352c639623a0e/commons/img/logo.png">
<link href="https://cdn.jsdelivr.net/gh/extent-framework/extent-github-cdn@d6562a79075e061305ccfdb82f01e5e195e2d307/spark/css/spark-style.css" rel="stylesheet" />
<link href="https://stackpath.bootstrapcdn.com/font-awesome/4.7.0/css/font-awesome.min.css" rel="stylesheet">
<script src="https://cdn.jsdelivr.net/gh/extent-framework/extent-github-cdn@7cc78ce/spark/js/jsontree.js"></script>
<style type="text/css"></style></head><body class="spa bdd-report standard">
  <div class="app">
    <div class="layout">
<div class="header navbar">
<div class="vheader">
<div class="nav-logo">
<a href="#">
<div class="logo" style="background-image: url('https://cdn.jsdelivr.net/gh/extent-framework/extent-github-cdn@b00a2d0486596e73dd7326beacf352c639623a0e/commons/img/logo.png')"></div>
</a>
</div>
<ul class="nav-left">
<li class="search-box">
<a class="search-toggle" href="#">
<i class="search-icon fa fa-search"></i>
<i class="search-icon-close fa fa-close"></i>
</a>
</li>
<li class="search-input"><input id="search-tests" class="form-control" type="text" placeholder="Search..."></li>
</ul>
<ul class="nav-right">
<li class="m-r-10">
<a href="#"><span class="badge badge-primary"></span></a>
</li>
<li class="m-r-10">
<a href="#"><span class="badge badge-primary">Apr 10, 2024 04:44:34 PM</span></a>
</li>
</ul>
</div>
</div><div class="side-nav">
<div class="side-nav-inner">
<ul class="side-nav-menu">
<li class="nav-item dropdown" onclick="toggleView('test-view')">
<a id="nav-test" class="dropdown-toggle" href="#">
<span class="ico"><i class="fa fa-list"></i></span>
</a>
</li>
<li class="nav-item dropdown" onclick="toggleView('exception-view')">
<a id="nav-exception" class="dropdown-toggle" href="#">
<span class="ico"><i class="fa fa-bug"></i></span>
</a>
</li>
<li class="nav-item dropdown" onclick="toggleView('category-view')">
<a id="nav-category" class="dropdown-toggle" href="#">
<span class="ico"><i class="fa fa-tag"></i></span>
</a>
</li>
<li class="nav-item dropdown" onclick="toggleView('dashboard-view')">
<a id="nav-dashboard" class="dropdown-toggle" href="#">
<span class="ico"><i class="fa fa-bar-chart"></i></span>
</a>
</li>
</ul>
</div>
</div>      <div class="vcontainer">
        <div class="main-content">
<div class="test-wrapper row view test-view">
  <div class="test-list">
    <div class="test-list-tools">
<ul class="tools pull-left">
<li><a href="#"><span class="font-size-14">Tests</span></a></li>
</ul>
<ul class="tools text-right">
<li class="dropdown">
<a href="#" class="dropdown-toggle" data-toggle="dropdown"><i class="fa fa-exclamation-circle"></i></a>
<ul id="status-toggle" class="dropdown-menu dropdown-md p-v-0">
<a class="dropdown-item" status="fail" href="#"><span>Fail</span><span class="status danger"></span></a>
<div class="dropdown-divider"></div>
<a status="clear" class="dropdown-item" href="#"><span>Clear</span><span class="pull-right"><i class="fa fa-close"></i></span></a>
</ul>
</li>
<li class="dropdown">
<a href="#" class="dropdown-toggle" data-toggle="dropdown"><i class="fa fa-tag"></i></a>
<ul id="tag-toggle" class="dropdown-menu dropdown-md p-v-0">
<a class="dropdown-item" href="#">@positive</a><a class="dropdown-item" href="#">@negative</a>
</ul>
</li>
</ul>
</div>    <div class="test-list-wrapper scrollable">
      <ul class="test-list-item">
        <li class="test-item"  status="fail" test-id="1"
          author=""
          tag=""
          device="">
          <div class="test-detail">
            <p class="name">testing signup functionalaties</p>
            <p class="text-sm">
              <span>4:44:34 PM</span> / <span>00:01:16:685</span>
              <span class="badge fail-bg log float-right">Fail</span>
            </p>
          </div>
          <div class="test-contents d-none">
<div class="detail-head">
<div class="p-v-10">
<div class="info">
<h5 class="test-status text-fail">testing signup functionalaties</h5>
<span class='badge badge-success'>04.10.2024 4:44:34 PM</span>
<span class='badge badge-danger'>04.10.2024 4:45:51 PM</span>
<span class='badge badge-default'>00:01:16:685</span>
&middot; <span class='uri-anchor badge badge-default'>#test-id=1</span>
<span class='badge badge-default pointer float-right ml-1 et'><i class="fa fa-chevron-down"></i></span>
<span class='badge badge-default pointer float-right ct'><i class="fa fa-chevron-up"></i></span>
</div>
<div class="m-t-10 m-l-5"></div>
</div>
</div>
<div class="accordion mt-4">
  <div class="card">
    <div class="card-header" role="tab">
      <div class="card-title">
        <div class="node" id="2"><span class="badge log fail-bg mr-2">Fail</span>User validates positive signup</div>
      </div>
    </div>
        <div class="">
          <div class="card-body">
              <div class="step pass-bg" title="org.stepdefinition.StepDef_Background.open_Browser()">
                <span>Given open the browser</span>
      <div>
      </div>
              </div>
              <div class="step pass-bg" title="org.stepdefinition.StepDef_Background.launch_Url()">
                <span>And goes to landing page</span>
      <div>
      </div>
              </div>
              <div class="step pass-bg" title="org.stepdefinition.StepDef_Signup_positive.the_user_clicks_the_signup_button()">
                <span>Given the user clicks the signup button</span>
      <div>
      </div>
              </div>
              <div class="step pass-bg" title="org.stepdefinition.StepDef_Signup_positive.the_user_selects_title()">
                <span>When the user selects title</span>
      <div>
      </div>
              </div>
              <div class="step pass-bg" title="org.stepdefinition.StepDef_Signup_positive.the_user_enters_a_valid_first_name()">
                <span>And the user enters a valid first name</span>
      <div>
      </div>
              </div>
              <div class="step pass-bg" title="org.stepdefinition.StepDef_Signup_positive.the_user_enters_a_valid_last_name()">
                <span>And the user enters a valid last name</span>
      <div>
      </div>
              </div>
              <div class="step pass-bg" title="org.stepdefinition.StepDef_Signup_positive.the_user_selects_their_country()">
                <span>And the user selects their country</span>
      <div>
      </div>
              </div>
              <div class="step pass-bg" title="org.stepdefinition.StepDef_Signup_positive.the_user_enters_their_date_of_birth()">
                <span>And the user enters their date of birth</span>
      <div>
      </div>
              </div>
              <div class="step pass-bg" title="org.stepdefinition.StepDef_Signup_positive.the_user_enters_their_phone_number()">
                <span>And the user enters their phone number</span>
      <div>
      </div>
              </div>
              <div class="step pass-bg" title="org.stepdefinition.StepDef_Signup_positive.the_user_enters_their_email_address()">
                <span>And the user enters their email address</span>
      <div>
      </div>
              </div>
              <div class="step pass-bg" title="org.stepdefinition.StepDef_Signup_positive.the_user_enters_a_valid_password()">
                <span>And the user enters a valid password</span>
      <div>
      </div>
              </div>
              <div class="step pass-bg" title="org.stepdefinition.StepDef_Signup_positive.the_user_confirms_the_password()">
                <span>And the user confirms the password</span>
      <div>
      </div>
              </div>
              <div class="step fail-bg" title="org.stepdefinition.StepDef_Signup_positive.the_user_agrees_to_terms_and_conditions()">
                <span>And the user agrees to terms and conditions</span>
      <div>
        <textarea disabled class="code-block">org.openqa.selenium.ElementClickInterceptedException: element click intercepted: Element is not clickable at point (82, 883)
  (Session info: chrome=123.0.6312.106)
Build info: version: '4.18.1', revision: 'b1d3319b48'
System info: os.name: 'Windows 11', os.arch: 'amd64', os.version: '10.0', java.version: '17.0.9'
Driver info: org.openqa.selenium.chrome.ChromeDriver
Command: [5734625f333609fc7f5cb795fcf01544, clickElement {id=f.FB55B6F78AADA7A82F334772727F0B4F.d.A6922258BB5EFC2DB9F059F991FFA392.e.40}]
Capabilities {acceptInsecureCerts: false, browserName: chrome, browserVersion: 123.0.6312.106, chrome: {chromedriverVersion: 123.0.6312.105 (399174dbe6e..., userDataDir: C:\Users\HP\AppData\Local\T...}, fedcm:accounts: true, goog:chromeOptions: {debuggerAddress: localhost:57664}, networkConnectionEnabled: false, pageLoadStrategy: normal, platformName: windows, proxy: Proxy(), se:cdp: ws://localhost:57664/devtoo..., se:cdpVersion: 123.0.6312.106, setWindowRect: true, strictFileInteractability: false, timeouts: {implicit: 0, pageLoad: 300000, script: 30000}, unhandledPromptBehavior: dismiss and notify, webauthn:extension:credBlob: true, webauthn:extension:largeBlob: true, webauthn:extension:minPinLength: true, webauthn:extension:prf: true, webauthn:virtualAuthenticators: true}
Element: [[ChromeDriver: chrome on windows (5734625f333609fc7f5cb795fcf01544)] -> xpath: //input[@class='form-check-input mt-02']]
Session ID: 5734625f333609fc7f5cb795fcf01544
	at java.base/jdk.internal.reflect.NativeConstructorAccessorImpl.newInstance0(Native Method)
	at java.base/jdk.internal.reflect.NativeConstructorAccessorImpl.newInstance(NativeConstructorAccessorImpl.java:77)
	at java.base/jdk.internal.reflect.DelegatingConstructorAccessorImpl.newInstance(DelegatingConstructorAccessorImpl.java:45)
	at java.base/java.lang.reflect.Constructor.newInstanceWithCaller(Constructor.java:499)
	at java.base/java.lang.reflect.Constructor.newInstance(Constructor.java:480)
	at org.openqa.selenium.remote.ErrorCodec.decode(ErrorCodec.java:167)
	at org.openqa.selenium.remote.codec.w3c.W3CHttpResponseCodec.decode(W3CHttpResponseCodec.java:138)
	at org.openqa.selenium.remote.codec.w3c.W3CHttpResponseCodec.decode(W3CHttpResponseCodec.java:50)
	at org.openqa.selenium.remote.HttpCommandExecutor.execute(HttpCommandExecutor.java:190)
	at org.openqa.selenium.remote.service.DriverCommandExecutor.invokeExecute(DriverCommandExecutor.java:216)
	at org.openqa.selenium.remote.service.DriverCommandExecutor.execute(DriverCommandExecutor.java:174)
	at org.openqa.selenium.remote.RemoteWebDriver.execute(RemoteWebDriver.java:519)
	at org.openqa.selenium.remote.RemoteWebElement.execute(RemoteWebElement.java:223)
	at org.openqa.selenium.remote.RemoteWebElement.click(RemoteWebElement.java:76)
	at java.base/jdk.internal.reflect.NativeMethodAccessorImpl.invoke0(Native Method)
	at java.base/jdk.internal.reflect.NativeMethodAccessorImpl.invoke(NativeMethodAccessorImpl.java:77)
	at java.base/jdk.internal.reflect.DelegatingMethodAccessorImpl.invoke(DelegatingMethodAccessorImpl.java:43)
	at java.base/java.lang.reflect.Method.invoke(Method.java:568)
	at org.openqa.selenium.support.pagefactory.internal.LocatingElementHandler.invoke(LocatingElementHandler.java:51)
	at jdk.proxy2/jdk.proxy2.$Proxy20.click(Unknown Source)
	at org.stepdefinition.StepDef_Signup_positive.the_user_agrees_to_terms_and_conditions(StepDef_Signup_positive.java:138)
	at ✽.the user agrees to terms and conditions(file:///C:/Users/HP/Eclipse%20workspace%20new/SpicejetEvaluation/project_feature/signup.feature:19)
</textarea>
      
      </div>
              </div>
              <div class="step skip-bg" title="org.stepdefinition.StepDef_Signup_positive.the_user_clicks_the_submit_button()">
                <span>And the user clicks the submit button</span>
      <div>Step skipped
      </div>
              </div>
          </div>
        </div>
  </div>
  <div class="card">
    <div class="card-header" role="tab">
      <div class="card-title">
        <div class="node" id="17"><span class="badge log fail-bg mr-2">Fail</span>user validate negative signup</div>
      </div>
    </div>
        <div class="scenario_outline ">
            <div class="card-body l1">
              <div class="card-header">
                <div class="card-title outline-child">
                  <div class="node" id="18"><span class="badge log fail-bg mr-2">Fail</span>user validate negative signup</div>
                </div>
              </div>
              <div class="card-body mt-3 ">
                  <div class="step pass-bg">
                    <span>Given open the browser</span>
      <div>
      </div>
                  </div>
                  <div class="step pass-bg">
                    <span>And goes to landing page</span>
      <div>
      </div>
                  </div>
                  <div class="step pass-bg">
                    <span>Given the user clicks the signup button</span>
      <div>
      </div>
                  </div>
                  <div class="step pass-bg">
                    <span>When the user selects title</span>
      <div>
      </div>
                  </div>
                  <div class="step pass-bg">
                    <span>And the user enters a valid first name</span>
      <div>
      </div>
                  </div>
                  <div class="step pass-bg">
                    <span>And the user enters a valid last name</span>
      <div>
      </div>
                  </div>
                  <div class="step pass-bg">
                    <span>And the user selects their country</span>
      <div>
      </div>
                  </div>
                  <div class="step pass-bg">
                    <span>And the user enters their date of birth</span>
      <div>
      </div>
                  </div>
                  <div class="step pass-bg">
                    <span>And the user enters their phone number</span>
      <div>
      </div>
                  </div>
                  <div class="step pass-bg">
                    <span>Then the user enters invalid "sivadotgmail@com"</span>
      <div>
      </div>
                  </div>
                  <div class="step pass-bg">
                    <span>And user enters invalid "Adse9566@"</span>
      <div>
      </div>
                  </div>
                  <div class="step pass-bg">
                    <span>And the user confirms the password</span>
      <div>
      </div>
                  </div>
                  <div class="step fail-bg">
                    <span>And the user agrees to terms and conditions</span>
      <div>
        <textarea disabled class="code-block">org.openqa.selenium.ElementClickInterceptedException: element click intercepted: Element is not clickable at point (82, 892)
  (Session info: chrome=123.0.6312.106)
Build info: version: '4.18.1', revision: 'b1d3319b48'
System info: os.name: 'Windows 11', os.arch: 'amd64', os.version: '10.0', java.version: '17.0.9'
Driver info: org.openqa.selenium.chrome.ChromeDriver
Command: [9de3d86dd784d3c64d779c33828376cf, clickElement {id=f.7CED81DE35161872063C4203359DC7DA.d.25ACB2B7F1126E9A7F12E4B234C569C8.e.40}]
Capabilities {acceptInsecureCerts: false, browserName: chrome, browserVersion: 123.0.6312.106, chrome: {chromedriverVersion: 123.0.6312.105 (399174dbe6e..., userDataDir: C:\Users\HP\AppData\Local\T...}, fedcm:accounts: true, goog:chromeOptions: {debuggerAddress: localhost:57743}, networkConnectionEnabled: false, pageLoadStrategy: normal, platformName: windows, proxy: Proxy(), se:cdp: ws://localhost:57743/devtoo..., se:cdpVersion: 123.0.6312.106, setWindowRect: true, strictFileInteractability: false, timeouts: {implicit: 0, pageLoad: 300000, script: 30000}, unhandledPromptBehavior: dismiss and notify, webauthn:extension:credBlob: true, webauthn:extension:largeBlob: true, webauthn:extension:minPinLength: true, webauthn:extension:prf: true, webauthn:virtualAuthenticators: true}
Element: [[ChromeDriver: chrome on windows (9de3d86dd784d3c64d779c33828376cf)] -> xpath: //input[@class='form-check-input mt-02']]
Session ID: 9de3d86dd784d3c64d779c33828376cf
	at java.base/jdk.internal.reflect.NativeConstructorAccessorImpl.newInstance0(Native Method)
	at java.base/jdk.internal.reflect.NativeConstructorAccessorImpl.newInstance(NativeConstructorAccessorImpl.java:77)
	at java.base/jdk.internal.reflect.DelegatingConstructorAccessorImpl.newInstance(DelegatingConstructorAccessorImpl.java:45)
	at java.base/java.lang.reflect.Constructor.newInstanceWithCaller(Constructor.java:499)
	at java.base/java.lang.reflect.Constructor.newInstance(Constructor.java:480)
	at org.openqa.selenium.remote.ErrorCodec.decode(ErrorCodec.java:167)
	at org.openqa.selenium.remote.codec.w3c.W3CHttpResponseCodec.decode(W3CHttpResponseCodec.java:138)
	at org.openqa.selenium.remote.codec.w3c.W3CHttpResponseCodec.decode(W3CHttpResponseCodec.java:50)
	at org.openqa.selenium.remote.HttpCommandExecutor.execute(HttpCommandExecutor.java:190)
	at org.openqa.selenium.remote.service.DriverCommandExecutor.invokeExecute(DriverCommandExecutor.java:216)
	at org.openqa.selenium.remote.service.DriverCommandExecutor.execute(DriverCommandExecutor.java:174)
	at org.openqa.selenium.remote.RemoteWebDriver.execute(RemoteWebDriver.java:519)
	at org.openqa.selenium.remote.RemoteWebElement.execute(RemoteWebElement.java:223)
	at org.openqa.selenium.remote.RemoteWebElement.click(RemoteWebElement.java:76)
	at java.base/jdk.internal.reflect.NativeMethodAccessorImpl.invoke0(Native Method)
	at java.base/jdk.internal.reflect.NativeMethodAccessorImpl.invoke(NativeMethodAccessorImpl.java:77)
	at java.base/jdk.internal.reflect.DelegatingMethodAccessorImpl.invoke(DelegatingMethodAccessorImpl.java:43)
	at java.base/java.lang.reflect.Method.invoke(Method.java:568)
	at org.openqa.selenium.support.pagefactory.internal.LocatingElementHandler.invoke(LocatingElementHandler.java:51)
	at jdk.proxy2/jdk.proxy2.$Proxy20.click(Unknown Source)
	at org.stepdefinition.StepDef_Signup_positive.the_user_agrees_to_terms_and_conditions(StepDef_Signup_positive.java:138)
	at ✽.the user agrees to terms and conditions(file:///C:/Users/HP/Eclipse%20workspace%20new/SpicejetEvaluation/project_feature/signup.feature:35)
</textarea>
      
      </div>
                  </div>
                  <div class="step skip-bg">
                    <span>And the user clicks the submit button</span>
      <div>Step skipped
      </div>
                  </div>
              </div>
            </div>
            <div class="card-body l1">
              <div class="card-header">
                <div class="card-title outline-child">
                  <div class="node" id="33"><span class="badge log fail-bg mr-2">Fail</span>user validate negative signup</div>
                </div>
              </div>
              <div class="card-body mt-3 ">
                  <div class="step pass-bg">
                    <span>Given open the browser</span>
      <div>
      </div>
                  </div>
                  <div class="step pass-bg">
                    <span>And goes to landing page</span>
      <div>
      </div>
                  </div>
                  <div class="step pass-bg">
                    <span>Given the user clicks the signup button</span>
      <div>
      </div>
                  </div>
                  <div class="step pass-bg">
                    <span>When the user selects title</span>
      <div>
      </div>
                  </div>
                  <div class="step pass-bg">
                    <span>And the user enters a valid first name</span>
      <div>
      </div>
                  </div>
                  <div class="step pass-bg">
                    <span>And the user enters a valid last name</span>
      <div>
      </div>
                  </div>
                  <div class="step pass-bg">
                    <span>And the user selects their country</span>
      <div>
      </div>
                  </div>
                  <div class="step pass-bg">
                    <span>And the user enters their date of birth</span>
      <div>
      </div>
                  </div>
                  <div class="step pass-bg">
                    <span>And the user enters their phone number</span>
      <div>
      </div>
                  </div>
                  <div class="step pass-bg">
                    <span>Then the user enters invalid "sivadot2810gmail.com"</span>
      <div>
      </div>
                  </div>
                  <div class="step pass-bg">
                    <span>And user enters invalid "Adse9566@"</span>
      <div>
      </div>
                  </div>
                  <div class="step pass-bg">
                    <span>And the user confirms the password</span>
      <div>
      </div>
                  </div>
                  <div class="step fail-bg">
                    <span>And the user agrees to terms and conditions</span>
      <div>
        <textarea disabled class="code-block">org.openqa.selenium.ElementClickInterceptedException: element click intercepted: Element is not clickable at point (82, 860)
  (Session info: chrome=123.0.6312.106)
Build info: version: '4.18.1', revision: 'b1d3319b48'
System info: os.name: 'Windows 11', os.arch: 'amd64', os.version: '10.0', java.version: '17.0.9'
Driver info: org.openqa.selenium.chrome.ChromeDriver
Command: [483f350698d0deb5665470ee31482342, clickElement {id=f.AD70F3C29F205BAB0BBD64AE73EB34B9.d.0AEF0AE6AB0544A508B9AF5BA86F4829.e.40}]
Capabilities {acceptInsecureCerts: false, browserName: chrome, browserVersion: 123.0.6312.106, chrome: {chromedriverVersion: 123.0.6312.105 (399174dbe6e..., userDataDir: C:\Users\HP\AppData\Local\T...}, fedcm:accounts: true, goog:chromeOptions: {debuggerAddress: localhost:57824}, networkConnectionEnabled: false, pageLoadStrategy: normal, platformName: windows, proxy: Proxy(), se:cdp: ws://localhost:57824/devtoo..., se:cdpVersion: 123.0.6312.106, setWindowRect: true, strictFileInteractability: false, timeouts: {implicit: 0, pageLoad: 300000, script: 30000}, unhandledPromptBehavior: dismiss and notify, webauthn:extension:credBlob: true, webauthn:extension:largeBlob: true, webauthn:extension:minPinLength: true, webauthn:extension:prf: true, webauthn:virtualAuthenticators: true}
Element: [[ChromeDriver: chrome on windows (483f350698d0deb5665470ee31482342)] -> xpath: //input[@class='form-check-input mt-02']]
Session ID: 483f350698d0deb5665470ee31482342
	at java.base/jdk.internal.reflect.NativeConstructorAccessorImpl.newInstance0(Native Method)
	at java.base/jdk.internal.reflect.NativeConstructorAccessorImpl.newInstance(NativeConstructorAccessorImpl.java:77)
	at java.base/jdk.internal.reflect.DelegatingConstructorAccessorImpl.newInstance(DelegatingConstructorAccessorImpl.java:45)
	at java.base/java.lang.reflect.Constructor.newInstanceWithCaller(Constructor.java:499)
	at java.base/java.lang.reflect.Constructor.newInstance(Constructor.java:480)
	at org.openqa.selenium.remote.ErrorCodec.decode(ErrorCodec.java:167)
	at org.openqa.selenium.remote.codec.w3c.W3CHttpResponseCodec.decode(W3CHttpResponseCodec.java:138)
	at org.openqa.selenium.remote.codec.w3c.W3CHttpResponseCodec.decode(W3CHttpResponseCodec.java:50)
	at org.openqa.selenium.remote.HttpCommandExecutor.execute(HttpCommandExecutor.java:190)
	at org.openqa.selenium.remote.service.DriverCommandExecutor.invokeExecute(DriverCommandExecutor.java:216)
	at org.openqa.selenium.remote.service.DriverCommandExecutor.execute(DriverCommandExecutor.java:174)
	at org.openqa.selenium.remote.RemoteWebDriver.execute(RemoteWebDriver.java:519)
	at org.openqa.selenium.remote.RemoteWebElement.execute(RemoteWebElement.java:223)
	at org.openqa.selenium.remote.RemoteWebElement.click(RemoteWebElement.java:76)
	at java.base/jdk.internal.reflect.NativeMethodAccessorImpl.invoke0(Native Method)
	at java.base/jdk.internal.reflect.NativeMethodAccessorImpl.invoke(NativeMethodAccessorImpl.java:77)
	at java.base/jdk.internal.reflect.DelegatingMethodAccessorImpl.invoke(DelegatingMethodAccessorImpl.java:43)
	at java.base/java.lang.reflect.Method.invoke(Method.java:568)
	at org.openqa.selenium.support.pagefactory.internal.LocatingElementHandler.invoke(LocatingElementHandler.java:51)
	at jdk.proxy2/jdk.proxy2.$Proxy20.click(Unknown Source)
	at org.stepdefinition.StepDef_Signup_positive.the_user_agrees_to_terms_and_conditions(StepDef_Signup_positive.java:138)
	at ✽.the user agrees to terms and conditions(file:///C:/Users/HP/Eclipse%20workspace%20new/SpicejetEvaluation/project_feature/signup.feature:35)
</textarea>
      
      </div>
                  </div>
                  <div class="step skip-bg">
                    <span>And the user clicks the submit button</span>
      <div>Step skipped
      </div>
                  </div>
              </div>
            </div>
            <div class="card-body l1">
              <div class="card-header">
                <div class="card-title outline-child">
                  <div class="node" id="48"><span class="badge log fail-bg mr-2">Fail</span>user validate negative signup</div>
                </div>
              </div>
              <div class="card-body mt-3 ">
                  <div class="step pass-bg">
                    <span>Given open the browser</span>
      <div>
      </div>
                  </div>
                  <div class="step pass-bg">
                    <span>And goes to landing page</span>
      <div>
      </div>
                  </div>
                  <div class="step pass-bg">
                    <span>Given the user clicks the signup button</span>
      <div>
      </div>
                  </div>
                  <div class="step pass-bg">
                    <span>When the user selects title</span>
      <div>
      </div>
                  </div>
                  <div class="step pass-bg">
                    <span>And the user enters a valid first name</span>
      <div>
      </div>
                  </div>
                  <div class="step pass-bg">
                    <span>And the user enters a valid last name</span>
      <div>
      </div>
                  </div>
                  <div class="step pass-bg">
                    <span>And the user selects their country</span>
      <div>
      </div>
                  </div>
                  <div class="step pass-bg">
                    <span>And the user enters their date of birth</span>
      <div>
      </div>
                  </div>
                  <div class="step pass-bg">
                    <span>And the user enters their phone number</span>
      <div>
      </div>
                  </div>
                  <div class="step pass-bg">
                    <span>Then the user enters invalid "sivadot @gmail.com"</span>
      <div>
      </div>
                  </div>
                  <div class="step pass-bg">
                    <span>And user enters invalid "Adse9566@"</span>
      <div>
      </div>
                  </div>
                  <div class="step pass-bg">
                    <span>And the user confirms the password</span>
      <div>
      </div>
                  </div>
                  <div class="step fail-bg">
                    <span>And the user agrees to terms and conditions</span>
      <div>
        <textarea disabled class="code-block">org.openqa.selenium.ElementClickInterceptedException: element click intercepted: Element is not clickable at point (82, 631)
  (Session info: chrome=123.0.6312.106)
Build info: version: '4.18.1', revision: 'b1d3319b48'
System info: os.name: 'Windows 11', os.arch: 'amd64', os.version: '10.0', java.version: '17.0.9'
Driver info: org.openqa.selenium.chrome.ChromeDriver
Command: [9d9a7d5330640dd4fc3bf0d75496367b, clickElement {id=f.ACEF69A6FB2624C329ED331676D5537F.d.9DD982857D9274737303C50A49D35A73.e.39}]
Capabilities {acceptInsecureCerts: false, browserName: chrome, browserVersion: 123.0.6312.106, chrome: {chromedriverVersion: 123.0.6312.105 (399174dbe6e..., userDataDir: C:\Users\HP\AppData\Local\T...}, fedcm:accounts: true, goog:chromeOptions: {debuggerAddress: localhost:57898}, networkConnectionEnabled: false, pageLoadStrategy: normal, platformName: windows, proxy: Proxy(), se:cdp: ws://localhost:57898/devtoo..., se:cdpVersion: 123.0.6312.106, setWindowRect: true, strictFileInteractability: false, timeouts: {implicit: 0, pageLoad: 300000, script: 30000}, unhandledPromptBehavior: dismiss and notify, webauthn:extension:credBlob: true, webauthn:extension:largeBlob: true, webauthn:extension:minPinLength: true, webauthn:extension:prf: true, webauthn:virtualAuthenticators: true}
Element: [[ChromeDriver: chrome on windows (9d9a7d5330640dd4fc3bf0d75496367b)] -> xpath: //input[@class='form-check-input mt-02']]
Session ID: 9d9a7d5330640dd4fc3bf0d75496367b
	at java.base/jdk.internal.reflect.NativeConstructorAccessorImpl.newInstance0(Native Method)
	at java.base/jdk.internal.reflect.NativeConstructorAccessorImpl.newInstance(NativeConstructorAccessorImpl.java:77)
	at java.base/jdk.internal.reflect.DelegatingConstructorAccessorImpl.newInstance(DelegatingConstructorAccessorImpl.java:45)
	at java.base/java.lang.reflect.Constructor.newInstanceWithCaller(Constructor.java:499)
	at java.base/java.lang.reflect.Constructor.newInstance(Constructor.java:480)
	at org.openqa.selenium.remote.ErrorCodec.decode(ErrorCodec.java:167)
	at org.openqa.selenium.remote.codec.w3c.W3CHttpResponseCodec.decode(W3CHttpResponseCodec.java:138)
	at org.openqa.selenium.remote.codec.w3c.W3CHttpResponseCodec.decode(W3CHttpResponseCodec.java:50)
	at org.openqa.selenium.remote.HttpCommandExecutor.execute(HttpCommandExecutor.java:190)
	at org.openqa.selenium.remote.service.DriverCommandExecutor.invokeExecute(DriverCommandExecutor.java:216)
	at org.openqa.selenium.remote.service.DriverCommandExecutor.execute(DriverCommandExecutor.java:174)
	at org.openqa.selenium.remote.RemoteWebDriver.execute(RemoteWebDriver.java:519)
	at org.openqa.selenium.remote.RemoteWebElement.execute(RemoteWebElement.java:223)
	at org.openqa.selenium.remote.RemoteWebElement.click(RemoteWebElement.java:76)
	at java.base/jdk.internal.reflect.NativeMethodAccessorImpl.invoke0(Native Method)
	at java.base/jdk.internal.reflect.NativeMethodAccessorImpl.invoke(NativeMethodAccessorImpl.java:77)
	at java.base/jdk.internal.reflect.DelegatingMethodAccessorImpl.invoke(DelegatingMethodAccessorImpl.java:43)
	at java.base/java.lang.reflect.Method.invoke(Method.java:568)
	at org.openqa.selenium.support.pagefactory.internal.LocatingElementHandler.invoke(LocatingElementHandler.java:51)
	at jdk.proxy2/jdk.proxy2.$Proxy20.click(Unknown Source)
	at org.stepdefinition.StepDef_Signup_positive.the_user_agrees_to_terms_and_conditions(StepDef_Signup_positive.java:138)
	at ✽.the user agrees to terms and conditions(file:///C:/Users/HP/Eclipse%20workspace%20new/SpicejetEvaluation/project_feature/signup.feature:35)
</textarea>
      
      </div>
                  </div>
                  <div class="step skip-bg">
                    <span>And the user clicks the submit button</span>
      <div>Step skipped
      </div>
                  </div>
              </div>
            </div>
            <div class="card-body l1">
              <div class="card-header">
                <div class="card-title outline-child">
                  <div class="node" id="63"><span class="badge log fail-bg mr-2">Fail</span>user validate negative signup</div>
                </div>
              </div>
              <div class="card-body mt-3 ">
                  <div class="step pass-bg">
                    <span>Given open the browser</span>
      <div>
      </div>
                  </div>
                  <div class="step pass-bg">
                    <span>And goes to landing page</span>
      <div>
      </div>
                  </div>
                  <div class="step pass-bg">
                    <span>Given the user clicks the signup button</span>
      <div>
      </div>
                  </div>
                  <div class="step pass-bg">
                    <span>When the user selects title</span>
      <div>
      </div>
                  </div>
                  <div class="step pass-bg">
                    <span>And the user enters a valid first name</span>
      <div>
      </div>
                  </div>
                  <div class="step pass-bg">
                    <span>And the user enters a valid last name</span>
      <div>
      </div>
                  </div>
                  <div class="step pass-bg">
                    <span>And the user selects their country</span>
      <div>
      </div>
                  </div>
                  <div class="step pass-bg">
                    <span>And the user enters their date of birth</span>
      <div>
      </div>
                  </div>
                  <div class="step pass-bg">
                    <span>And the user enters their phone number</span>
      <div>
      </div>
                  </div>
                  <div class="step pass-bg">
                    <span>Then the user enters invalid "sivadot2810@gmail.com"</span>
      <div>
      </div>
                  </div>
                  <div class="step pass-bg">
                    <span>And user enters invalid "Adse9566@"</span>
      <div>
      </div>
                  </div>
                  <div class="step pass-bg">
                    <span>And the user confirms the password</span>
      <div>
      </div>
                  </div>
                  <div class="step fail-bg">
                    <span>And the user agrees to terms and conditions</span>
      <div>
        <textarea disabled class="code-block">org.openqa.selenium.ElementClickInterceptedException: element click intercepted: Element is not clickable at point (82, 838)
  (Session info: chrome=123.0.6312.106)
Build info: version: '4.18.1', revision: 'b1d3319b48'
System info: os.name: 'Windows 11', os.arch: 'amd64', os.version: '10.0', java.version: '17.0.9'
Driver info: org.openqa.selenium.chrome.ChromeDriver
Command: [0abd1b774f18e5eff8eb2f98c57bf2a0, clickElement {id=f.412163CA0F2C42F127677990551D80E5.d.0C09ED769917D5C80EC2A3AB9B75824E.e.40}]
Capabilities {acceptInsecureCerts: false, browserName: chrome, browserVersion: 123.0.6312.106, chrome: {chromedriverVersion: 123.0.6312.105 (399174dbe6e..., userDataDir: C:\Users\HP\AppData\Local\T...}, fedcm:accounts: true, goog:chromeOptions: {debuggerAddress: localhost:57980}, networkConnectionEnabled: false, pageLoadStrategy: normal, platformName: windows, proxy: Proxy(), se:cdp: ws://localhost:57980/devtoo..., se:cdpVersion: 123.0.6312.106, setWindowRect: true, strictFileInteractability: false, timeouts: {implicit: 0, pageLoad: 300000, script: 30000}, unhandledPromptBehavior: dismiss and notify, webauthn:extension:credBlob: true, webauthn:extension:largeBlob: true, webauthn:extension:minPinLength: true, webauthn:extension:prf: true, webauthn:virtualAuthenticators: true}
Element: [[ChromeDriver: chrome on windows (0abd1b774f18e5eff8eb2f98c57bf2a0)] -> xpath: //input[@class='form-check-input mt-02']]
Session ID: 0abd1b774f18e5eff8eb2f98c57bf2a0
	at java.base/jdk.internal.reflect.NativeConstructorAccessorImpl.newInstance0(Native Method)
	at java.base/jdk.internal.reflect.NativeConstructorAccessorImpl.newInstance(NativeConstructorAccessorImpl.java:77)
	at java.base/jdk.internal.reflect.DelegatingConstructorAccessorImpl.newInstance(DelegatingConstructorAccessorImpl.java:45)
	at java.base/java.lang.reflect.Constructor.newInstanceWithCaller(Constructor.java:499)
	at java.base/java.lang.reflect.Constructor.newInstance(Constructor.java:480)
	at org.openqa.selenium.remote.ErrorCodec.decode(ErrorCodec.java:167)
	at org.openqa.selenium.remote.codec.w3c.W3CHttpResponseCodec.decode(W3CHttpResponseCodec.java:138)
	at org.openqa.selenium.remote.codec.w3c.W3CHttpResponseCodec.decode(W3CHttpResponseCodec.java:50)
	at org.openqa.selenium.remote.HttpCommandExecutor.execute(HttpCommandExecutor.java:190)
	at org.openqa.selenium.remote.service.DriverCommandExecutor.invokeExecute(DriverCommandExecutor.java:216)
	at org.openqa.selenium.remote.service.DriverCommandExecutor.execute(DriverCommandExecutor.java:174)
	at org.openqa.selenium.remote.RemoteWebDriver.execute(RemoteWebDriver.java:519)
	at org.openqa.selenium.remote.RemoteWebElement.execute(RemoteWebElement.java:223)
	at org.openqa.selenium.remote.RemoteWebElement.click(RemoteWebElement.java:76)
	at jdk.internal.reflect.GeneratedMethodAccessor9.invoke(Unknown Source)
	at java.base/jdk.internal.reflect.DelegatingMethodAccessorImpl.invoke(DelegatingMethodAccessorImpl.java:43)
	at java.base/java.lang.reflect.Method.invoke(Method.java:568)
	at org.openqa.selenium.support.pagefactory.internal.LocatingElementHandler.invoke(LocatingElementHandler.java:51)
	at jdk.proxy2/jdk.proxy2.$Proxy20.click(Unknown Source)
	at org.stepdefinition.StepDef_Signup_positive.the_user_agrees_to_terms_and_conditions(StepDef_Signup_positive.java:138)
	at ✽.the user agrees to terms and conditions(file:///C:/Users/HP/Eclipse%20workspace%20new/SpicejetEvaluation/project_feature/signup.feature:35)
</textarea>
      
      </div>
                  </div>
                  <div class="step skip-bg">
                    <span>And the user clicks the submit button</span>
      <div>Step skipped
      </div>
                  </div>
              </div>
            </div>
        </div>
  </div>
</div>
          </div>
        </li>
      </ul>
    </div>
  </div>
<div class="test-content scrollable">
<div class="test-content-tools">
<ul><li><a class="back-to-test" href="#"><i class="fa fa-arrow-left"></i></a></li></ul>
</div>
<div class="test-content-detail"><div class="detail-body"></div></div>
</div></div>
<div class="test-wrapper row view exception-view attributes-view">
<div class="test-list">
<div class="test-list-tools">
<ul class="tools pull-left"><li><a href=""><span class="font-size-14">Exception</span></a></li></ul>
<ul class="tools text-right"><li><a href="#"><span class="badge badge-primary">1</span></a></li></ul>
</div>
<div class="test-list-wrapper scrollable">
<ul class="test-list-item">
<li class="test-item">
<div class="test-detail">
<span class="meta">
<span class='badge log badge-danger'>5</span>
</span>
<p class="name">org.openqa.selenium.ElementClickInterceptedException</p>
<p class="duration text-sm">5 tests</p>
</div>
<div class="test-contents d-none">
<div class="info">
<h4>org.openqa.selenium.ElementClickInterceptedException</h4>
<span status="fail" class='badge log badge-danger'>5 failed</span>
</div>
<table class='table table-sm mt-4'>
<thead>
<tr>
<th class="status-col">Status</th>
<th class="timestamp-col">Timestamp</th>
<th>TestName</th>
</tr>
</thead>
<tbody>
<tr class="tag-test-status" status="fail">
<td><span class="badge log fail-bg">Fail</span></td>
<td>16:44:50 PM</td>
<td>
<a href="#" class="linked" test-id='1' id='15'>And the user agrees to terms and conditions</a>
<div class="">
<span class="badge badge-default">testing signup functionalaties.User validates positive signup.And the user agrees to terms and conditions</span>
</div>
</td>
</tr>
<tr class="tag-test-status" status="fail">
<td><span class="badge log fail-bg">Fail</span></td>
<td>16:45:05 PM</td>
<td>
<a href="#" class="linked" test-id='1' id='31'>And the user agrees to terms and conditions</a>
<div class="">
<span class="badge badge-default">testing signup functionalaties.user validate negative signup.And the user agrees to terms and conditions</span>
</div>
</td>
</tr>
<tr class="tag-test-status" status="fail">
<td><span class="badge log fail-bg">Fail</span></td>
<td>16:45:19 PM</td>
<td>
<a href="#" class="linked" test-id='1' id='46'>And the user agrees to terms and conditions</a>
<div class="">
<span class="badge badge-default">testing signup functionalaties.user validate negative signup.And the user agrees to terms and conditions</span>
</div>
</td>
</tr>
<tr class="tag-test-status" status="fail">
<td><span class="badge log fail-bg">Fail</span></td>
<td>16:45:35 PM</td>
<td>
<a href="#" class="linked" test-id='1' id='61'>And the user agrees to terms and conditions</a>
<div class="">
<span class="badge badge-default">testing signup functionalaties.user validate negative signup.And the user agrees to terms and conditions</span>
</div>
</td>
</tr>
<tr class="tag-test-status" status="fail">
<td><span class="badge log fail-bg">Fail</span></td>
<td>16:45:50 PM</td>
<td>
<a href="#" class="linked" test-id='1' id='76'>And the user agrees to terms and conditions</a>
<div class="">
<span class="badge badge-default">testing signup functionalaties.user validate negative signup.And the user agrees to terms and conditions</span>
</div>
</td>
</tr>
</tbody>
</table>
</div>
</li>
</ul>
</div>
</div>
<div class="test-content scrollable">
<div class="test-content-detail">
<div class="detail-body"></div>
</div>
</div>
</div><div class="test-wrapper row view category-view attributes-view">
<div class="test-list">
<div class="test-list-tools">
<ul class="tools pull-left"><li><a href=""><span class="font-size-14">Category</span></a></li></ul>
<ul class="tools text-right"><li><a href="#"><span class="badge badge-primary">2</span></a></li></ul>
</div>
<div class="test-list-wrapper scrollable">
<ul class="test-list-item">
<li class="test-item">
<div class="test-detail">
<span class="meta">
<span class='badge log badge-danger'>1</span>
</span>
<p class="name">@positive</p>
<p class="duration text-sm">1 tests</p>
</div>
<div class="test-contents d-none">
<div class="info">
<h4>@positive</h4>
<span status="fail" class='badge log badge-danger'>1 failed</span>
</div>
<table class='table table-sm mt-4'>
<thead>
<tr>
<th class="status-col">Status</th>
<th class="timestamp-col">Timestamp</th>
<th>TestName</th>
</tr>
</thead>
<tbody>
<tr class="tag-test-status" status="fail">
<td><span class="badge log fail-bg">Fail</span></td>
<td>16:44:34 PM</td>
<td>
<a href="#" class="linked" test-id='1' id='2'>User validates positive signup</a>
<div class="">
<span class="badge badge-default">testing signup functionalaties.User validates positive signup</span>
</div>
</td>
</tr>
</tbody>
</table>
</div>
</li>
<li class="test-item">
<div class="test-detail">
<span class="meta">
<span class='badge log badge-danger'>4</span>
</span>
<p class="name">@negative</p>
<p class="duration text-sm">4 tests</p>
</div>
<div class="test-contents d-none">
<div class="info">
<h4>@negative</h4>
<span status="fail" class='badge log badge-danger'>4 failed</span>
</div>
<table class='table table-sm mt-4'>
<thead>
<tr>
<th class="status-col">Status</th>
<th class="timestamp-col">Timestamp</th>
<th>TestName</th>
</tr>
</thead>
<tbody>
<tr class="tag-test-status" status="fail">
<td><span class="badge log fail-bg">Fail</span></td>
<td>16:44:51 PM</td>
<td>
<a href="#" class="linked" test-id='1' id='18'>user validate negative signup</a>
<div class="">
<span class="badge badge-default">testing signup functionalaties.user validate negative signup</span>
</div>
</td>
</tr>
<tr class="tag-test-status" status="fail">
<td><span class="badge log fail-bg">Fail</span></td>
<td>16:45:06 PM</td>
<td>
<a href="#" class="linked" test-id='1' id='33'>user validate negative signup</a>
<div class="">
<span class="badge badge-default">testing signup functionalaties.user validate negative signup</span>
</div>
</td>
</tr>
<tr class="tag-test-status" status="fail">
<td><span class="badge log fail-bg">Fail</span></td>
<td>16:45:20 PM</td>
<td>
<a href="#" class="linked" test-id='1' id='48'>user validate negative signup</a>
<div class="">
<span class="badge badge-default">testing signup functionalaties.user validate negative signup</span>
</div>
</td>
</tr>
<tr class="tag-test-status" status="fail">
<td><span class="badge log fail-bg">Fail</span></td>
<td>16:45:36 PM</td>
<td>
<a href="#" class="linked" test-id='1' id='63'>user validate negative signup</a>
<div class="">
<span class="badge badge-default">testing signup functionalaties.user validate negative signup</span>
</div>
</td>
</tr>
</tbody>
</table>
</div>
</li>
</ul>
</div>
</div>
<div class="test-content scrollable">
<div class="test-content-detail">
<div class="detail-body"></div>
</div>
</div>
</div><div class="container-fluid p-4 view dashboard-view">
<div class="row">
<div class="col-md-3">
<div class="card"><div class="card-body">
<p class="m-b-0">Started</p>
<h3>Apr 10, 2024 04:44:34 PM</h3>
</div></div>
</div>
<div class="col-md-3">
<div class="card"><div class="card-body">
<p class="m-b-0">Ended</p>
<h3>Apr 10, 2024 04:45:51 PM</h3>
</div></div>
</div>
<div class="col-md-3">
<div class="card"><div class="card-body">
<p class="m-b-0 text-pass">Features Passed</p>
<h3>0</h3>
</div></div>
</div>
<div class="col-md-3">
<div class="card"><div class="card-body">
<p class="m-b-0 text-fail">Features Failed</p>
<h3>1</h3>
</div></div>
</div>
</div>
<div class="row">
<div class="col-md-4">
<div class="card">
<div class="card-header">
<h6 class="card-title">Features</h6>
</div>
<div class="card-body">
<div class="">
<canvas id='parent-analysis' width='115' height='90'></canvas>
</div>
</div>
<div class="card-footer">
<div><small data-tooltip='0%'>
<b>0</b> features passed
</small>
</div>
<div>
<small data-tooltip='100%'><b>1</b> features failed,
<b>0</b> skipped, <b data-tooltip='0%'>0</b> others
</small>
</div>
</div>
</div>
</div>
<div class="col-md-4">
<div class="card">
<div class="card-header">
<h6 class="card-title">Scenarios</h6>
</div>
<div class="card-body">
<div class="">
<canvas id='child-analysis' width='115' height='90'></canvas>
</div>
</div>
<div class="card-footer">
<div><small data-tooltip='0%'><b>0</b> scenarios passed</small></div>
<div>
<small data-tooltip='100%'><b>5</b> scenarios failed,
<b>0</b> skipped, <b data-tooltip='%'>0</b> others
</small>
</div>
</div>
</div>
</div>
<div class="col-md-4">
<div class="card">
<div class="card-header">
<h6 class="card-title">Steps</h6>
</div>
<div class="card-body">
<div class="">
<canvas id='grandchild-analysis' width='115' height='90'></canvas>
</div>
</div>
<div class="card-footer">
<div><small data-tooltip='85%'><b>60</b> steps passed</small></div>
<div>
<small data-tooltip='7%'><b>5</b> steps failed,
<b>5</b> skipped, <b data-tooltip='%'>0</b> others
</small>
</div>
</div>
</div>
</div>
</div>
<div class="row"><div class="col-md-12">
<div class="card"><div class="card-header"><p>Timeline</p></div>
<div class="card-body pt-0"><div>
<canvas id="timeline" height="120"></canvas>
</div></div>
</div>
</div></div>
<script>
var timeline = {
"testing signup functionalaties":76.685
};
</script>
<div class="row">
<div class="col-lg-6 col-md-12 category-container">
<div class="card">
<div class="card-header"><p>Tags</p></div>
<div class="card-body pb-0 pt-0"><table class="table table-sm table-bordered">
<thead><tr class="bg-gray"><th>Name</th><th>Passed</th><th>Failed</th><th>Skipped</th><th>Others</th><th>Passed %</th></tr></thead><tbody>
<tr>
<td>@positive</td>
<td>0</td>
<td>1</td>
<td>0</td>
<td>0</td>
<td>0%</td>
</tr>
<tr>
<td>@negative</td>
<td>0</td>
<td>4</td>
<td>0</td>
<td>0</td>
<td>0%</td>
</tr>
</tbody>
</table></div>
</div>
</div>
</div>
</div>
<script>
var statusGroup = {
parentCount: 5,
passParent: 0,
failParent: 1,
warningParent: 0,
skipParent: 0,
childCount: 5,
passChild: 0,
failChild: 5,
warningChild: 0,
skipChild: 0,
infoChild: 0,
grandChildCount: 5,
passGrandChild: 60,
failGrandChild: 5,
warningGrandChild: 0,
skipGrandChild: 5,
infoGrandChild: 0,
eventsCount: 5,
};
</script>        </div>
      </div>
    </div>
  </div>
<script src="https://cdn.jsdelivr.net/gh/extent-framework/extent-github-cdn@d6562a79075e061305ccfdb82f01e5e195e2d307/spark/js/spark-script.js"></script>
<script type="text/javascript"></script></body>
</html>